#
# There is insufficient memory for the Java Runtime Environment to continue.
# Native memory allocation (malloc) failed to allocate 2029904 bytes for Chunk::new
# Possible reasons:
#   The system is out of physical RAM or swap space
#   The process is running with CompressedOops enabled, and the Java Heap may be blocking the growth of the native heap
# Possible solutions:
#   Reduce memory load on the system
#   Increase physical memory or swap space
#   Check if swap backing store is full
#   Decrease Java heap size (-Xmx/-Xms)
#   Decrease number of Java threads
#   Decrease Java thread stack sizes (-Xss)
#   Set larger code cache with -XX:ReservedCodeCacheSize=
#   JVM is running with Unscaled Compressed Oops mode in which the Java heap is
#     placed in the first 4GB address space. The Java Heap base address is the
#     maximum limit for the native heap growth. Please use -XX:HeapBaseMinAddress
#     to set the Java Heap base and to place the Java Heap above 4GB virtual address.
# This output file may be truncated or incomplete.
#
#  Out of Memory Error (allocation.cpp:389), pid=24780, tid=0x0000000000002084
#
# JRE version: OpenJDK Runtime Environment (8.0_322-b06) (build 1.8.0_322-b06)
# Java VM: OpenJDK 64-Bit Server VM (25.322-b06 mixed mode windows-amd64 compressed oops)
# Failed to write core dump. Minidumps are not enabled by default on client versions of Windows
#

---------------  T H R E A D  ---------------

Current thread (0x00000191c6c83800):  JavaThread "C2 CompilerThread2" daemon [_thread_in_native, id=8324, stack(0x00000008b5e00000,0x00000008b5f00000)]

Stack: [0x00000008b5e00000,0x00000008b5f00000]
[error occurred during error reporting (printing stack bounds), id 0xc0000005]

Native frames: (J=compiled Java code, j=interpreted, Vv=VM code, C=native code)


Current CompileTask:
C2:  12744 3171   !   4       java.net.URLClassLoader$1::run (81 bytes)


---------------  P R O C E S S  ---------------

Java Threads: ( => current thread )
  0x00000191cbb8a800 JavaThread "Cache worker for file content cache (C:\Users\boxla\.gradle\caches\7.4\fileContent)" [_thread_blocked, id=8092, stack(0x00000008b8200000,0x00000008b8300000)]
  0x00000191cbb8f800 JavaThread "Cache worker for execution history cache (C:\Users\boxla\.gradle\caches\7.4\executionHistory)" [_thread_blocked, id=32660, stack(0x00000008b8100000,0x00000008b8200000)]
  0x00000191cbb8b800 JavaThread "Cache worker for cache directory md-supplier (C:\Users\boxla\.gradle\caches\7.4\md-supplier)" [_thread_blocked, id=5612, stack(0x00000008b8000000,0x00000008b8100000)]
  0x00000191cbb83000 JavaThread "Cache worker for file hash cache (F:\Code\IoT\Android\GateMonitor\.gradle\7.4\fileHashes)" [_thread_blocked, id=15580, stack(0x00000008b7f00000,0x00000008b8000000)]
  0x00000191cbb82000 JavaThread "Cache worker for cache directory md-rule (C:\Users\boxla\.gradle\caches\7.4\md-rule)" [_thread_blocked, id=25616, stack(0x00000008b7e00000,0x00000008b7f00000)]
  0x00000191cbb83800 JavaThread "Cache worker for checksums cache (F:\Code\IoT\Android\GateMonitor\.gradle\7.4\checksums)" [_thread_blocked, id=4924, stack(0x00000008b7d00000,0x00000008b7e00000)]
  0x00000191cbb84800 JavaThread "jar transforms Thread 12" [_thread_blocked, id=20188, stack(0x00000008b7c00000,0x00000008b7d00000)]
  0x00000191cbb88800 JavaThread "jar transforms Thread 11" [_thread_blocked, id=17640, stack(0x00000008b7b00000,0x00000008b7c00000)]
  0x00000191cbb86000 JavaThread "jar transforms Thread 10" [_thread_blocked, id=18900, stack(0x00000008b7a00000,0x00000008b7b00000)]
  0x00000191cbb87800 JavaThread "jar transforms Thread 9" [_thread_blocked, id=26468, stack(0x00000008b7900000,0x00000008b7a00000)]
  0x00000191cbb86800 JavaThread "jar transforms Thread 8" [_thread_blocked, id=17432, stack(0x00000008b7800000,0x00000008b7900000)]
  0x00000191cbb89000 JavaThread "jar transforms Thread 7" [_thread_blocked, id=9132, stack(0x00000008b7700000,0x00000008b7800000)]
  0x00000191cbb85000 JavaThread "jar transforms Thread 6" [_thread_blocked, id=23708, stack(0x00000008b7600000,0x00000008b7700000)]
  0x00000191cb646800 JavaThread "jar transforms Thread 5" [_thread_blocked, id=14428, stack(0x00000008b7500000,0x00000008b7600000)]
  0x00000191cb642800 JavaThread "jar transforms Thread 4" [_thread_blocked, id=8516, stack(0x00000008b7400000,0x00000008b7500000)]
  0x00000191cb649000 JavaThread "jar transforms Thread 3" [_thread_blocked, id=32928, stack(0x00000008b7300000,0x00000008b7400000)]
  0x00000191cb641800 JavaThread "jar transforms Thread 2" [_thread_blocked, id=3088, stack(0x00000008b7200000,0x00000008b7300000)]
  0x00000191cb645800 JavaThread "jar transforms" [_thread_blocked, id=29832, stack(0x00000008b7100000,0x00000008b7200000)]
  0x00000191cb645000 JavaThread "File watcher consumer" daemon [_thread_blocked, id=16112, stack(0x00000008b7000000,0x00000008b7100000)]
  0x00000191cb644000 JavaThread "File watcher server" daemon [_thread_in_native, id=26308, stack(0x00000008b6f00000,0x00000008b7000000)]
  0x00000191cb643800 JavaThread "Cache worker for file hash cache (C:\Users\boxla\.gradle\caches\7.4\fileHashes)" [_thread_blocked, id=25844, stack(0x00000008b6e00000,0x00000008b6f00000)]
  0x00000191cb648000 JavaThread "File lock request listener" [_thread_in_native, id=21956, stack(0x00000008b6d00000,0x00000008b6e00000)]
  0x00000191cb647000 JavaThread "Cache worker for journal cache (C:\Users\boxla\.gradle\caches\journal-1)" [_thread_blocked, id=6488, stack(0x00000008b6c00000,0x00000008b6d00000)]
  0x00000191cafb9000 JavaThread "Daemon client event forwarder" [_thread_blocked, id=14204, stack(0x00000008b6b00000,0x00000008b6c00000)]
  0x00000191cac96000 JavaThread "Stdin handler" [_thread_blocked, id=23916, stack(0x00000008b6a00000,0x00000008b6b00000)]
  0x00000191ca3ab000 JavaThread "Asynchronous log dispatcher for DefaultDaemonConnection: socket connection from /127.0.0.1:13302 to /127.0.0.1:13303" [_thread_blocked, id=2092, stack(0x00000008b6900000,0x00000008b6a00000)]
  0x00000191ca3a8000 JavaThread "Daemon worker" [_thread_in_Java, id=32852, stack(0x00000008b6800000,0x00000008b6900000)]
  0x00000191caaad800 JavaThread "Cancel handler" [_thread_blocked, id=15656, stack(0x00000008b6700000,0x00000008b6800000)]
  0x00000191ca7d1000 JavaThread "Handler for socket connection from /127.0.0.1:13302 to /127.0.0.1:13303" [_thread_in_native, id=2440, stack(0x00000008b6600000,0x00000008b6700000)]
  0x00000191ca7d0000 JavaThread "Daemon" [_thread_blocked, id=8112, stack(0x00000008b6500000,0x00000008b6600000)]
  0x00000191cab43000 JavaThread "Daemon periodic checks" [_thread_blocked, id=26884, stack(0x00000008b6400000,0x00000008b6500000)]
  0x00000191cafdd000 JavaThread "Incoming local TCP Connector on port 13302" [_thread_in_native, id=9252, stack(0x00000008b6300000,0x00000008b6400000)]
  0x00000191caa8e800 JavaThread "Daemon health stats" [_thread_blocked, id=17608, stack(0x00000008b6200000,0x00000008b6300000)]
  0x00000191c908e800 JavaThread "Service Thread" daemon [_thread_blocked, id=14020, stack(0x00000008b6000000,0x00000008b6100000)]
  0x00000191c6c89800 JavaThread "C1 CompilerThread3" daemon [_thread_blocked, id=28688, stack(0x00000008b5f00000,0x00000008b6000000)]
=>0x00000191c6c83800 JavaThread "C2 CompilerThread2" daemon [_thread_in_native, id=8324, stack(0x00000008b5e00000,0x00000008b5f00000)]
  0x00000191c6c80800 JavaThread "C2 CompilerThread1" daemon [_thread_in_native, id=26960, stack(0x00000008b5d00000,0x00000008b5e00000)]
  0x00000191c6c85800 JavaThread "C2 CompilerThread0" daemon [_thread_in_native, id=25536, stack(0x00000008b5c00000,0x00000008b5d00000)]
  0x00000191c6c6a000 JavaThread "Attach Listener" daemon [_thread_blocked, id=20248, stack(0x00000008b5b00000,0x00000008b5c00000)]
  0x00000191c6c69000 JavaThread "Signal Dispatcher" daemon [_thread_blocked, id=28728, stack(0x00000008b5a00000,0x00000008b5b00000)]
  0x00000191c6c34000 JavaThread "Finalizer" daemon [_thread_blocked, id=9672, stack(0x00000008b5900000,0x00000008b5a00000)]
  0x00000191c6c29800 JavaThread "Reference Handler" daemon [_thread_blocked, id=24612, stack(0x00000008b5800000,0x00000008b5900000)]
  0x00000191b044c000 JavaThread "main" [_thread_blocked, id=15372, stack(0x00000008b4c00000,0x00000008b4d00000)]

Other Threads:
  0x00000191c6c02000 VMThread [stack: 0x00000008b5700000,0x00000008b5800000] [id=16396]
  0x00000191c6c8e800 WatcherThread [stack: 0x00000008b6100000,0x00000008b6200000] [id=31572]

VM state:not at safepoint (normal execution)

VM Mutex/Monitor currently owned by a thread: None

heap address: 0x0000000080000000, size: 2048 MB, Compressed Oops mode: 32-bit
Narrow klass base: 0x0000000000000000, Narrow klass shift: 3
Compressed class space size: 1073741824 Address: 0x0000000100000000

Heap:
 PSYoungGen      total 223232K, used 75175K [0x00000000d5580000, 0x00000000e3f80000, 0x0000000100000000)
  eden space 210432K, 35% used [0x00000000d5580000,0x00000000d9ee9e48,0x00000000e2300000)
  from space 12800K, 0% used [0x00000000e2f80000,0x00000000e2f80000,0x00000000e3c00000)
  to   space 12800K, 0% used [0x00000000e2300000,0x00000000e2300000,0x00000000e2f80000)
 ParOldGen       total 98816K, used 15546K [0x0000000080000000, 0x0000000086080000, 0x00000000d5580000)
  object space 98816K, 15% used [0x0000000080000000,0x0000000080f2e960,0x0000000086080000)
 Metaspace       used 39023K, capacity 40754K, committed 41088K, reserved 1085440K
  class space    used 5567K, capacity 5889K, committed 6016K, reserved 1048576K

Card table byte_map: [0x00000191c16d0000,0x00000191c1ae0000] byte_map_base: 0x00000191c12d0000

Marking Bits: (ParMarkBitMap*) 0x0000000072e47860
 Begin Bits: [0x00000191c1d90000, 0x00000191c3d90000)
 End Bits:   [0x00000191c3d90000, 0x00000191c5d90000)

Polling page: 0x00000191b0710000

CodeCache: size=245760Kb used=11678Kb max_used=11678Kb free=234081Kb
 bounds [0x00000191b2310000, 0x00000191b2e90000, 0x00000191c1310000]
 total_blobs=4006 nmethods=3285 adapters=633
 compilation: enabled

Compilation events (10 events):
Event: 12.734 Thread 0x00000191c6c89800 3649       1       org.gradle.internal.instantiation.generator.AbstractClassGenerator$PropertyMetadata::getOverridableSetters (5 bytes)
Event: 12.734 Thread 0x00000191c6c89800 nmethod 3649 0x00000191b2e67910 code [0x00000191b2e67a60, 0x00000191b2e67b78]
Event: 12.734 Thread 0x00000191c6c89800 3650       3       org.codehaus.groovy.runtime.metaclass.MetaMethodIndex::isNonRealMethod (55 bytes)
Event: 12.735 Thread 0x00000191c6c89800 nmethod 3650 0x00000191b2e7fd50 code [0x00000191b2e7fee0, 0x00000191b2e80858]
Event: 12.735 Thread 0x00000191c6c89800 3651       3       org.codehaus.groovy.reflection.CachedClass::isAssignableFrom (21 bytes)
Event: 12.736 Thread 0x00000191c6c89800 nmethod 3651 0x00000191b2e80910 code [0x00000191b2e80a80, 0x00000191b2e80e70]
Event: 12.736 Thread 0x00000191c6c89800 3652       1       org.codehaus.groovy.reflection.stdclasses.ObjectCachedClass::isAssignableFrom (2 bytes)
Event: 12.736 Thread 0x00000191c6c89800 nmethod 3652 0x00000191b2e80f90 code [0x00000191b2e810e0, 0x00000191b2e811f8]
Event: 12.737 Thread 0x00000191c6c89800 3654       1       java.util.TreeMap::size (5 bytes)
Event: 12.737 Thread 0x00000191c6c89800 nmethod 3654 0x00000191b2e81250 code [0x00000191b2e813a0, 0x00000191b2e814b8]

GC Heap History (10 events):
Event: 5.590 GC heap before
{Heap before GC invocations=4 (full 0):
 PSYoungGen      total 76288K, used 50165K [0x00000000d5580000, 0x00000000dea80000, 0x0000000100000000)
  eden space 65536K, 60% used [0x00000000d5580000,0x00000000d7bff288,0x00000000d9580000)
  from space 10752K, 99% used [0x00000000d9580000,0x00000000d9ffe558,0x00000000da000000)
  to   space 10752K, 0% used [0x00000000de000000,0x00000000de000000,0x00000000dea80000)
 ParOldGen       total 175104K, used 553K [0x0000000080000000, 0x000000008ab00000, 0x00000000d5580000)
  object space 175104K, 0% used [0x0000000080000000,0x000000008008a718,0x000000008ab00000)
 Metaspace       used 20549K, capacity 21280K, committed 21296K, reserved 1067008K
  class space    used 3010K, capacity 3194K, committed 3200K, reserved 1048576K
Event: 5.606 GC heap after
Heap after GC invocations=4 (full 0):
 PSYoungGen      total 141824K, used 10616K [0x00000000d5580000, 0x00000000dea80000, 0x0000000100000000)
  eden space 131072K, 0% used [0x00000000d5580000,0x00000000d5580000,0x00000000dd580000)
  from space 10752K, 98% used [0x00000000de000000,0x00000000dea5e120,0x00000000dea80000)
  to   space 10752K, 0% used [0x00000000dd580000,0x00000000dd580000,0x00000000de000000)
 ParOldGen       total 175104K, used 561K [0x0000000080000000, 0x000000008ab00000, 0x00000000d5580000)
  object space 175104K, 0% used [0x0000000080000000,0x000000008008c718,0x000000008ab00000)
 Metaspace       used 20549K, capacity 21280K, committed 21296K, reserved 1067008K
  class space    used 3010K, capacity 3194K, committed 3200K, reserved 1048576K
}
Event: 5.606 GC heap before
{Heap before GC invocations=5 (full 1):
 PSYoungGen      total 141824K, used 10616K [0x00000000d5580000, 0x00000000dea80000, 0x0000000100000000)
  eden space 131072K, 0% used [0x00000000d5580000,0x00000000d5580000,0x00000000dd580000)
  from space 10752K, 98% used [0x00000000de000000,0x00000000dea5e120,0x00000000dea80000)
  to   space 10752K, 0% used [0x00000000dd580000,0x00000000dd580000,0x00000000de000000)
 ParOldGen       total 175104K, used 561K [0x0000000080000000, 0x000000008ab00000, 0x00000000d5580000)
  object space 175104K, 0% used [0x0000000080000000,0x000000008008c718,0x000000008ab00000)
 Metaspace       used 20549K, capacity 21280K, committed 21296K, reserved 1067008K
  class space    used 3010K, capacity 3194K, committed 3200K, reserved 1048576K
Event: 5.656 GC heap after
Heap after GC invocations=5 (full 1):
 PSYoungGen      total 141824K, used 0K [0x00000000d5580000, 0x00000000dea80000, 0x0000000100000000)
  eden space 131072K, 0% used [0x00000000d5580000,0x00000000d5580000,0x00000000dd580000)
  from space 10752K, 0% used [0x00000000de000000,0x00000000de000000,0x00000000dea80000)
  to   space 10752K, 0% used [0x00000000dd580000,0x00000000dd580000,0x00000000de000000)
 ParOldGen       total 98816K, used 10235K [0x0000000080000000, 0x0000000086080000, 0x00000000d5580000)
  object space 98816K, 10% used [0x0000000080000000,0x00000000809fef08,0x0000000086080000)
 Metaspace       used 20549K, capacity 21280K, committed 21296K, reserved 1067008K
  class space    used 3010K, capacity 3194K, committed 3200K, reserved 1048576K
}
Event: 10.735 GC heap before
{Heap before GC invocations=6 (full 1):
 PSYoungGen      total 141824K, used 131072K [0x00000000d5580000, 0x00000000dea80000, 0x0000000100000000)
  eden space 131072K, 100% used [0x00000000d5580000,0x00000000dd580000,0x00000000dd580000)
  from space 10752K, 0% used [0x00000000de000000,0x00000000de000000,0x00000000dea80000)
  to   space 10752K, 0% used [0x00000000dd580000,0x00000000dd580000,0x00000000de000000)
 ParOldGen       total 98816K, used 10235K [0x0000000080000000, 0x0000000086080000, 0x00000000d5580000)
  object space 98816K, 10% used [0x0000000080000000,0x00000000809fef08,0x0000000086080000)
 Metaspace       used 29618K, capacity 31124K, committed 31232K, reserved 1075200K
  class space    used 4496K, capacity 4798K, committed 4864K, reserved 1048576K
Event: 10.750 GC heap after
Heap after GC invocations=6 (full 1):
 PSYoungGen      total 141824K, used 10518K [0x00000000d5580000, 0x00000000e3c00000, 0x0000000100000000)
  eden space 131072K, 0% used [0x00000000d5580000,0x00000000d5580000,0x00000000dd580000)
  from space 10752K, 97% used [0x00000000dd580000,0x00000000ddfc5b30,0x00000000de000000)
  to   space 12800K, 0% used [0x00000000e2f80000,0x00000000e2f80000,0x00000000e3c00000)
 ParOldGen       total 98816K, used 10243K [0x0000000080000000, 0x0000000086080000, 0x00000000d5580000)
  object space 98816K, 10% used [0x0000000080000000,0x0000000080a00f08,0x0000000086080000)
 Metaspace       used 29618K, capacity 31124K, committed 31232K, reserved 1075200K
  class space    used 4496K, capacity 4798K, committed 4864K, reserved 1048576K
}
Event: 11.552 GC heap before
{Heap before GC invocations=7 (full 1):
 PSYoungGen      total 141824K, used 42769K [0x00000000d5580000, 0x00000000e3c00000, 0x0000000100000000)
  eden space 131072K, 24% used [0x00000000d5580000,0x00000000d74feb48,0x00000000dd580000)
  from space 10752K, 97% used [0x00000000dd580000,0x00000000ddfc5b30,0x00000000de000000)
  to   space 12800K, 0% used [0x00000000e2f80000,0x00000000e2f80000,0x00000000e3c00000)
 ParOldGen       total 98816K, used 10243K [0x0000000080000000, 0x0000000086080000, 0x00000000d5580000)
  object space 98816K, 10% used [0x0000000080000000,0x0000000080a00f08,0x0000000086080000)
 Metaspace       used 33851K, capacity 35436K, committed 35496K, reserved 1079296K
  class space    used 4996K, capacity 5316K, committed 5376K, reserved 1048576K
Event: 11.568 GC heap after
Heap after GC invocations=7 (full 1):
 PSYoungGen      total 223232K, used 7935K [0x00000000d5580000, 0x00000000e3f80000, 0x0000000100000000)
  eden space 210432K, 0% used [0x00000000d5580000,0x00000000d5580000,0x00000000e2300000)
  from space 12800K, 61% used [0x00000000e2f80000,0x00000000e373fde0,0x00000000e3c00000)
  to   space 12800K, 0% used [0x00000000e2300000,0x00000000e2300000,0x00000000e2f80000)
 ParOldGen       total 98816K, used 10251K [0x0000000080000000, 0x0000000086080000, 0x00000000d5580000)
  object space 98816K, 10% used [0x0000000080000000,0x0000000080a02f08,0x0000000086080000)
 Metaspace       used 33851K, capacity 35436K, committed 35496K, reserved 1079296K
  class space    used 4996K, capacity 5316K, committed 5376K, reserved 1048576K
}
Event: 11.568 GC heap before
{Heap before GC invocations=8 (full 2):
 PSYoungGen      total 223232K, used 7935K [0x00000000d5580000, 0x00000000e3f80000, 0x0000000100000000)
  eden space 210432K, 0% used [0x00000000d5580000,0x00000000d5580000,0x00000000e2300000)
  from space 12800K, 61% used [0x00000000e2f80000,0x00000000e373fde0,0x00000000e3c00000)
  to   space 12800K, 0% used [0x00000000e2300000,0x00000000e2300000,0x00000000e2f80000)
 ParOldGen       total 98816K, used 10251K [0x0000000080000000, 0x0000000086080000, 0x00000000d5580000)
  object space 98816K, 10% used [0x0000000080000000,0x0000000080a02f08,0x0000000086080000)
 Metaspace       used 33851K, capacity 35436K, committed 35496K, reserved 1079296K
  class space    used 4996K, capacity 5316K, committed 5376K, reserved 1048576K
Event: 11.632 GC heap after
Heap after GC invocations=8 (full 2):
 PSYoungGen      total 223232K, used 0K [0x00000000d5580000, 0x00000000e3f80000, 0x0000000100000000)
  eden space 210432K, 0% used [0x00000000d5580000,0x00000000d5580000,0x00000000e2300000)
  from space 12800K, 0% used [0x00000000e2f80000,0x00000000e2f80000,0x00000000e3c00000)
  to   space 12800K, 0% used [0x00000000e2300000,0x00000000e2300000,0x00000000e2f80000)
 ParOldGen       total 98816K, used 15546K [0x0000000080000000, 0x0000000086080000, 0x00000000d5580000)
  object space 98816K, 15% used [0x0000000080000000,0x0000000080f2e960,0x0000000086080000)
 Metaspace       used 33848K, capacity 35424K, committed 35496K, reserved 1079296K
  class space    used 4994K, capacity 5314K, committed 5376K, reserved 1048576K
}

Deoptimization events (10 events):
Event: 12.414 Thread 0x00000191ca3a8000 Uncommon trap: reason=bimorphic action=maybe_recompile pc=0x00000191b2745a14 method=groovyjarjarantlr4.v4.runtime.atn.ParserATNSimulator.closure(Lgroovyjarjarantlr4/v4/runtime/atn/ATNConfig;Lgroovyjarjarantlr4/v4/runtime/atn/ATNConfigSet;Lgroovyjarjarantl
Event: 12.414 Thread 0x00000191ca3a8000 Uncommon trap: reason=bimorphic action=maybe_recompile pc=0x00000191b2745a14 method=groovyjarjarantlr4.v4.runtime.atn.ParserATNSimulator.closure(Lgroovyjarjarantlr4/v4/runtime/atn/ATNConfig;Lgroovyjarjarantlr4/v4/runtime/atn/ATNConfigSet;Lgroovyjarjarantl
Event: 12.419 Thread 0x00000191ca3a8000 Uncommon trap: reason=unstable_if action=reinterpret pc=0x00000191b2649138 method=java.util.HashMap.resize()[Ljava/util/HashMap$Node; @ 206
Event: 12.443 Thread 0x00000191ca3a8000 Uncommon trap: reason=unstable_if action=reinterpret pc=0x00000191b2924264 method=java.util.concurrent.ConcurrentHashMap.get(Ljava/lang/Object;)Ljava/lang/Object; @ 76
Event: 12.444 Thread 0x00000191ca3a8000 Uncommon trap: reason=class_check action=maybe_recompile pc=0x00000191b2903250 method=java.util.concurrent.ConcurrentHashMap.putVal(Ljava/lang/Object;Ljava/lang/Object;Z)Ljava/lang/Object; @ 192
Event: 12.451 Thread 0x00000191ca3a8000 Uncommon trap: reason=class_check action=maybe_recompile pc=0x00000191b2903250 method=java.util.concurrent.ConcurrentHashMap.putVal(Ljava/lang/Object;Ljava/lang/Object;Z)Ljava/lang/Object; @ 192
Event: 12.457 Thread 0x00000191ca3a8000 Uncommon trap: reason=unstable_if action=reinterpret pc=0x00000191b2c2ba04 method=groovyjarjarantlr4.v4.runtime.atn.PredictionContextCache$IdentityCommutativePredictionContextOperands.equals(Ljava/lang/Object;)Z @ 51
Event: 12.471 Thread 0x00000191ca3a8000 Uncommon trap: reason=unstable_if action=reinterpret pc=0x00000191b28e1ed8 method=java.lang.Character.isHighSurrogate(C)Z @ 3
Event: 12.527 Thread 0x00000191ca3a8000 Uncommon trap: reason=unstable_if action=reinterpret pc=0x00000191b2dfaf44 method=groovyjarjarantlr4.v4.runtime.atn.ParserATNSimulator.closure(Lgroovyjarjarantlr4/v4/runtime/atn/ATNConfig;Lgroovyjarjarantlr4/v4/runtime/atn/ATNConfigSet;Lgroovyjarjarantlr4
Event: 12.561 Thread 0x00000191ca3a8000 Uncommon trap: reason=unstable_if action=reinterpret pc=0x00000191b29a7428 method=java.util.regex.Pattern$BmpCharProperty.match(Ljava/util/regex/Matcher;ILjava/lang/CharSequence;)Z @ 34

Classes redefined (0 events):
No events

Internal exceptions (10 events):
Event: 12.588 Thread 0x00000191ca3a8000 Exception <a 'java/lang/ClassNotFoundException': org/apache/groovy/parser/antlr4/util/StringUtils$2Customizer> (0x00000000d8fecf88) thrown at [C:\wsjdk\Corretto8Src\installers\windows\zip\corretto-build\buildRoot\src\hotspot\src\share\vm\classfile\systemD
Event: 12.600 Thread 0x00000191ca3a8000 Exception <a 'java/lang/ClassNotFoundException': org/apache/groovy/parser/antlr4/util/StringUtils$1BeanInfo> (0x00000000d92ecee0) thrown at [C:\wsjdk\Corretto8Src\installers\windows\zip\corretto-build\buildRoot\src\hotspot\src\share\vm\classfile\systemDic
Event: 12.611 Thread 0x00000191ca3a8000 Exception <a 'java/lang/ClassNotFoundException': org/apache/groovy/parser/antlr4/util/StringUtils$1Customizer> (0x00000000d959e650) thrown at [C:\wsjdk\Corretto8Src\installers\windows\zip\corretto-build\buildRoot\src\hotspot\src\share\vm\classfile\systemD
Event: 12.630 Thread 0x00000191ca3a8000 Exception <a 'java/lang/ClassNotFoundException': org/apache/groovy/parser/antlr4/util/StringUtils$3BeanInfo> (0x00000000d9888b30) thrown at [C:\wsjdk\Corretto8Src\installers\windows\zip\corretto-build\buildRoot\src\hotspot\src\share\vm\classfile\systemDic
Event: 12.642 Thread 0x00000191ca3a8000 Exception <a 'java/lang/ClassNotFoundException': org/apache/groovy/parser/antlr4/util/StringUtils$3Customizer> (0x00000000d9b3a2c8) thrown at [C:\wsjdk\Corretto8Src\installers\windows\zip\corretto-build\buildRoot\src\hotspot\src\share\vm\classfile\systemD
Event: 12.704 Thread 0x00000191cbb84800 Exception <a 'sun/nio/fs/WindowsException'> (0x00000000d9dd61f8) thrown at [C:\wsjdk\Corretto8Src\installers\windows\zip\corretto-build\buildRoot\src\hotspot\src\share\vm\prims\jni.cpp, line 711]
Event: 12.719 Thread 0x00000191cbb84800 Exception <a 'sun/nio/fs/WindowsException'> (0x00000000d9ecbb40) thrown at [C:\wsjdk\Corretto8Src\installers\windows\zip\corretto-build\buildRoot\src\hotspot\src\share\vm\prims\jni.cpp, line 711]
Event: 12.724 Thread 0x00000191cbb84800 Exception <a 'sun/nio/fs/WindowsException'> (0x00000000d9ecbe98) thrown at [C:\wsjdk\Corretto8Src\installers\windows\zip\corretto-build\buildRoot\src\hotspot\src\share\vm\prims\jni.cpp, line 711]
Event: 12.737 Thread 0x00000191ca3a8000 Exception <a 'java/lang/ClassNotFoundException': sync_studio_tooling14318_8z51vvuh1qn8sip4a5lh6d08fBeanInfo> (0x00000000d9ce6808) thrown at [C:\wsjdk\Corretto8Src\installers\windows\zip\corretto-build\buildRoot\src\hotspot\src\share\vm\classfile\systemDic
Event: 12.737 Thread 0x00000191ca3a8000 Exception <a 'java/lang/ClassNotFoundException': sync_studio_tooling14318_8z51vvuh1qn8sip4a5lh6d08fCustomizer> (0x00000000d9cfa6a0) thrown at [C:\wsjdk\Corretto8Src\installers\windows\zip\corretto-build\buildRoot\src\hotspot\src\share\vm\classfile\systemD

Events (10 events):
Event: 12.733 loading class groovy/runtime/metaclass/sync_studio_tooling14318_8z51vvuh1qn8sip4a5lh6d08fMetaClass
Event: 12.733 loading class groovy/runtime/metaclass/sync_studio_tooling14318_8z51vvuh1qn8sip4a5lh6d08fMetaClass done
Event: 12.736 loading class sync_studio_tooling14318_8z51vvuh1qn8sip4a5lh6d08fBeanInfo
Event: 12.736 loading class sync_studio_tooling14318_8z51vvuh1qn8sip4a5lh6d08fBeanInfo done
Event: 12.736 loading class sync_studio_tooling14318_8z51vvuh1qn8sip4a5lh6d08fBeanInfo
Event: 12.736 loading class sync_studio_tooling14318_8z51vvuh1qn8sip4a5lh6d08fBeanInfo done
Event: 12.737 loading class sync_studio_tooling14318_8z51vvuh1qn8sip4a5lh6d08fCustomizer
Event: 12.737 loading class sync_studio_tooling14318_8z51vvuh1qn8sip4a5lh6d08fCustomizer done
Event: 12.737 loading class sync_studio_tooling14318_8z51vvuh1qn8sip4a5lh6d08fCustomizer
Event: 12.737 loading class sync_studio_tooling14318_8z51vvuh1qn8sip4a5lh6d08fCustomizer done


Dynamic libraries:
0x00007ff71eb20000 - 0x00007ff71eb5a000 	D:\JDKs\jdk1.8\bin\java.exe
0x00007ffd82ce0000 - 0x00007ffd82eef000 	C:\WINDOWS\SYSTEM32\ntdll.dll
0x00007ffd82ac0000 - 0x00007ffd82b7d000 	C:\WINDOWS\System32\KERNEL32.DLL
0x00007ffd80330000 - 0x00007ffd806c4000 	C:\WINDOWS\System32\KERNELBASE.dll
0x00007ffd80ce0000 - 0x00007ffd80d8e000 	C:\WINDOWS\System32\ADVAPI32.dll
0x00007ffd81d40000 - 0x00007ffd81de4000 	C:\WINDOWS\System32\msvcrt.dll
0x00007ffd82730000 - 0x00007ffd827d5000 	C:\WINDOWS\System32\sechost.dll
0x00007ffd80d90000 - 0x00007ffd80eaf000 	C:\WINDOWS\System32\RPCRT4.dll
0x00007ffd80b20000 - 0x00007ffd80cca000 	C:\WINDOWS\System32\USER32.dll
0x00007ffd80160000 - 0x00007ffd80186000 	C:\WINDOWS\System32\win32u.dll
0x00007ffd81f10000 - 0x00007ffd81f39000 	C:\WINDOWS\System32\GDI32.dll
0x00007ffd80210000 - 0x00007ffd80327000 	C:\WINDOWS\System32\gdi32full.dll
0x00007ffd806d0000 - 0x00007ffd8076a000 	C:\WINDOWS\System32\msvcp_win.dll
0x00007ffd80940000 - 0x00007ffd80a51000 	C:\WINDOWS\System32\ucrtbase.dll
0x00007ffd6ec70000 - 0x00007ffd6ef11000 	C:\WINDOWS\WinSxS\amd64_microsoft.windows.common-controls_6595b64144ccf1df_6.0.22543.1000_none_25f07d7fa9409c95\COMCTL32.dll
0x00007ffd82660000 - 0x00007ffd82691000 	C:\WINDOWS\System32\IMM32.DLL
0x00007ffd498c0000 - 0x00007ffd499af000 	D:\JDKs\jdk1.8\jre\bin\msvcr120.dll
0x00007ffd49810000 - 0x00007ffd498b6000 	D:\JDKs\jdk1.8\jre\bin\msvcp120.dll
0x0000000072650000 - 0x0000000072ec6000 	D:\JDKs\jdk1.8\jre\bin\server\jvm.dll
0x00007ffd81060000 - 0x00007ffd81068000 	C:\WINDOWS\System32\PSAPI.DLL
0x00007ffd795d0000 - 0x00007ffd795d9000 	C:\WINDOWS\SYSTEM32\WSOCK32.dll
0x00007ffd79be0000 - 0x00007ffd79bea000 	C:\WINDOWS\SYSTEM32\VERSION.dll
0x00007ffd76f10000 - 0x00007ffd76f44000 	C:\WINDOWS\SYSTEM32\WINMM.dll
0x00007ffd80fe0000 - 0x00007ffd81051000 	C:\WINDOWS\System32\WS2_32.dll
0x00007ffd79c80000 - 0x00007ffd79c8f000 	D:\JDKs\jdk1.8\jre\bin\verify.dll
0x00007ffd6b090000 - 0x00007ffd6b0b9000 	D:\JDKs\jdk1.8\jre\bin\java.dll
0x00007ffd79700000 - 0x00007ffd79716000 	D:\JDKs\jdk1.8\jre\bin\zip.dll
0x00007ffd81200000 - 0x00007ffd819bd000 	C:\WINDOWS\System32\SHELL32.dll
0x00007ffd7e110000 - 0x00007ffd7e969000 	C:\WINDOWS\SYSTEM32\windows.storage.dll
0x00007ffd819c0000 - 0x00007ffd81d31000 	C:\WINDOWS\System32\combase.dll
0x00007ffd7dfd0000 - 0x00007ffd7e10c000 	C:\WINDOWS\SYSTEM32\wintypes.dll
0x00007ffd82b80000 - 0x00007ffd82c71000 	C:\WINDOWS\System32\SHCORE.dll
0x00007ffd82a60000 - 0x00007ffd82abb000 	C:\WINDOWS\System32\shlwapi.dll
0x00007ffd80090000 - 0x00007ffd800b1000 	C:\WINDOWS\SYSTEM32\profapi.dll
0x00007ffd795f0000 - 0x00007ffd7960a000 	D:\JDKs\jdk1.8\jre\bin\net.dll
0x00007ffd560d0000 - 0x00007ffd56187000 	C:\WINDOWS\Heybox\heyboxlsp_x64.dll
0x00007ffd7f610000 - 0x00007ffd7f679000 	C:\WINDOWS\system32\mswsock.dll
0x00007ffd78670000 - 0x00007ffd78682000 	D:\JDKs\jdk1.8\jre\bin\nio.dll
0x00007ffd696c0000 - 0x00007ffd696e7000 	C:\Users\boxla\.gradle\native\e1d6ef7f7dcc3fd88c89a11ec53ec762bb8ba0a96d01ffa2cd45eb1d1d8dd5c5\windows-amd64\native-platform.dll
0x00007ffd3f3a0000 - 0x00007ffd3f4e4000 	C:\Users\boxla\.gradle\native\0d407fdbe67a94daf76414ababcb853783967236a71b16ec16e742cd7a986fd3\windows-amd64\native-platform-file-events.dll
0x00007ffd77470000 - 0x00007ffd7747d000 	D:\JDKs\jdk1.8\jre\bin\management.dll
0x00007ffd7f8f0000 - 0x00007ffd7f90c000 	C:\WINDOWS\SYSTEM32\CRYPTSP.dll
0x00007ffd7f0f0000 - 0x00007ffd7f125000 	C:\WINDOWS\system32\rsaenh.dll
0x00007ffd7f6b0000 - 0x00007ffd7f6d7000 	C:\WINDOWS\SYSTEM32\USERENV.dll
0x00007ffd7fab0000 - 0x00007ffd7fad8000 	C:\WINDOWS\SYSTEM32\bcrypt.dll
0x00007ffd80190000 - 0x00007ffd8020b000 	C:\WINDOWS\System32\bcryptprimitives.dll
0x00007ffd7f800000 - 0x00007ffd7f80c000 	C:\WINDOWS\SYSTEM32\CRYPTBASE.dll
0x00007ffd7eb80000 - 0x00007ffd7ebad000 	C:\WINDOWS\SYSTEM32\IPHLPAPI.DLL
0x00007ffd81f40000 - 0x00007ffd81f49000 	C:\WINDOWS\System32\NSI.dll
0x00007ffd73c20000 - 0x00007ffd73c39000 	C:\WINDOWS\SYSTEM32\dhcpcsvc6.DLL
0x00007ffd73c00000 - 0x00007ffd73c1f000 	C:\WINDOWS\SYSTEM32\dhcpcsvc.DLL
0x00007ffd7ebe0000 - 0x00007ffd7ecd6000 	C:\WINDOWS\SYSTEM32\DNSAPI.dll

VM Arguments:
jvm_args: -Xmx2048m -Dfile.encoding=UTF-8 -Duser.country=CN -Duser.language=zh -Duser.variant 
java_command: org.gradle.launcher.daemon.bootstrap.GradleDaemon 7.4
java_class_path (initial): C:\Users\boxla\.gradle\wrapper\dists\gradle-7.4-bin\c0gwcg53nkjbqw7r0h0umtfvt\gradle-7.4\lib\gradle-launcher-7.4.jar
Launcher Type: SUN_STANDARD

Environment Variables:
JAVA_HOME=D:\Scoop\apps\adoptopenjdk-openj9\current
PATH=C:\Program Files\Python39\Scripts\;C:\Program Files\Python39\;C:\Program Files (x86)\Common Files\Intel\Shared Libraries\redist\intel64\compiler;C:\WINDOWS\System32;C:\WINDOWS;C:\WINDOWS\System32\wbem;C:\WINDOWS\System32\WindowsPowerShell\v1.0\;C:\WINDOWS\System32\OpenSSH\;C:\Program Files\NVIDIA Corporation\NVIDIA NvDLISR;D:\Git\cmd;C:\Program Files\Go\bin;C:\Program Files\nodejs\;C:\Program Files\php;C:\Users\boxla\AppData\Roaming\Python\Python37\Scripts;C:\Program Files\dotnet\;C:\ProgramData\ComposerSetup\bin;C:\ProgramData\chocolatey\bin;C:\Program Files\LxRunOffline;D:\Toolchain\MinGW\bin;D:\Toolchain\embedded\gcc-arm-none-eabi-10.3-2021.10\bin;D:\xFTP\;D:\Toolchain\ADB;D:\GnuPG\bin;C:\WINDOWS\system32;C:\WINDOWS\System32\Wbem;C:\Program Files (x86)\NVIDIA Corporation\PhysX\Common;C:\WINDOWS\system32;C:\WINDOWS;C:\WINDOWS\System32\Wbem;C:\WINDOWS\System32\WindowsPowerShell\v1.0\;C:\WINDOWS\System32\OpenSSH\;D:\Hugo\bin;;D:\微信web开发者工具\dll;D:\Scoop\apps\adoptopenjdk-openj9\current\bin;D:\Scoop\shims;C:\Users\boxla\AppData\Local\Microsoft\WindowsApps;D:\Microsoft VS Code\bin;C:\Users\boxla\go\bin;C:\Users\boxla\AppData\Roaming\npm;C:\Users\boxla\.dotnet\tools;C:\Users\boxla\AppData\Roaming\Composer\vendor\bin;C:\Source\flutter\bin;C:\Users\boxla\AppData\Local\Microsoft\WindowsApps;C:\Users\boxla\.dotnet\tools
USERNAME=boxla
OS=Windows_NT
PROCESSOR_IDENTIFIER=Intel64 Family 6 Model 158 Stepping 10, GenuineIntel



---------------  S Y S T E M  ---------------

OS: Windows 10.0 , 64 bit Build 22543 (10.0.22543.1000)

CPU:total 12 (initial active 12) (6 cores per cpu, 2 threads per core) family 6 model 158 stepping 10, cmov, cx8, fxsr, mmx, sse, sse2, sse3, ssse3, sse4.1, sse4.2, popcnt, avx, avx2, aes, clmul, erms, 3dnowpref, lzcnt, ht, tsc, tscinvbit, bmi1, bmi2, adx

Memory: 4k page, physical 16664868k(2759696k free), swap 25053476k(7140k free)

vm_info: OpenJDK 64-Bit Server VM (25.322-b06) for windows-amd64 JRE (1.8.0_322-b06), built on Jan 13 2022 23:37:51 by "Administrator" with MS VC++ 12.0 (VS2013)

time: Sun Feb 13 18:35:27 2022
timezone: ?D1ú±ê×?ê±??
elapsed time: 12.759948 seconds (0d 0h 0m 12s)

