#
# There is insufficient memory for the Java Runtime Environment to continue.
# Native memory allocation (malloc) failed to allocate 326384 bytes for Chunk::new
# Possible reasons:
#   The system is out of physical RAM or swap space
#   The process is running with CompressedOops enabled, and the Java Heap may be blocking the growth of the native heap
# Possible solutions:
#   Reduce memory load on the system
#   Increase physical memory or swap space
#   Check if swap backing store is full
#   Decrease Java heap size (-Xmx/-Xms)
#   Decrease number of Java threads
#   Decrease Java thread stack sizes (-Xss)
#   Set larger code cache with -XX:ReservedCodeCacheSize=
#   JVM is running with Unscaled Compressed Oops mode in which the Java heap is
#     placed in the first 4GB address space. The Java Heap base address is the
#     maximum limit for the native heap growth. Please use -XX:HeapBaseMinAddress
#     to set the Java Heap base and to place the Java Heap above 4GB virtual address.
# This output file may be truncated or incomplete.
#
#  Out of Memory Error (allocation.cpp:389), pid=12428, tid=0x0000000000005550
#
# JRE version: OpenJDK Runtime Environment (8.0_322-b06) (build 1.8.0_322-b06)
# Java VM: OpenJDK 64-Bit Server VM (25.322-b06 mixed mode windows-amd64 compressed oops)
# Failed to write core dump. Minidumps are not enabled by default on client versions of Windows
#

---------------  T H R E A D  ---------------

Current thread (0x0000027abdbc3800):  JavaThread "C2 CompilerThread0" daemon [_thread_in_native, id=21840, stack(0x000000aee1400000,0x000000aee1500000)]

Stack: [0x000000aee1400000,0x000000aee1500000]
[error occurred during error reporting (printing stack bounds), id 0xc0000005]

Native frames: (J=compiled Java code, j=interpreted, Vv=VM code, C=native code)


Current CompileTask:
C2:  17609 3999       4       com.google.common.collect.AbstractIterator::hasNext (65 bytes)


---------------  P R O C E S S  ---------------

Java Threads: ( => current thread )
  0x0000027ac06d4000 JavaThread "Cache worker for file content cache (C:\Users\boxla\.gradle\caches\7.4\fileContent)" [_thread_blocked, id=17420, stack(0x000000aee3a00000,0x000000aee3b00000)]
  0x0000027ac06d2000 JavaThread "Cache worker for execution history cache (C:\Users\boxla\.gradle\caches\7.4\executionHistory)" [_thread_blocked, id=17524, stack(0x000000aee3900000,0x000000aee3a00000)]
  0x0000027ac06d3800 JavaThread "Cache worker for cache directory md-supplier (C:\Users\boxla\.gradle\caches\7.4\md-supplier)" [_thread_blocked, id=14536, stack(0x000000aee3800000,0x000000aee3900000)]
  0x0000027ac06d2800 JavaThread "Cache worker for file hash cache (F:\Code\IoT\Android\GateMonitor\.gradle\7.4\fileHashes)" [_thread_blocked, id=12716, stack(0x000000aee3700000,0x000000aee3800000)]
  0x0000027ac06cb800 JavaThread "Cache worker for cache directory md-rule (C:\Users\boxla\.gradle\caches\7.4\md-rule)" [_thread_blocked, id=12608, stack(0x000000aee3600000,0x000000aee3700000)]
  0x0000027ac06ca800 JavaThread "Cache worker for checksums cache (F:\Code\IoT\Android\GateMonitor\.gradle\7.4\checksums)" [_thread_blocked, id=20764, stack(0x000000aee3500000,0x000000aee3600000)]
  0x0000027ac06ca000 JavaThread "jar transforms Thread 12" [_thread_blocked, id=31400, stack(0x000000aee3400000,0x000000aee3500000)]
  0x0000027ac06c8800 JavaThread "jar transforms Thread 11" [_thread_blocked, id=10732, stack(0x000000aee3300000,0x000000aee3400000)]
  0x0000027ac06c9000 JavaThread "jar transforms Thread 10" [_thread_blocked, id=21308, stack(0x000000aee3200000,0x000000aee3300000)]
  0x0000027ac06ce800 JavaThread "jar transforms Thread 9" [_thread_blocked, id=1720, stack(0x000000aee3100000,0x000000aee3200000)]
  0x0000027ac06ce000 JavaThread "jar transforms Thread 8" [_thread_blocked, id=28360, stack(0x000000aee3000000,0x000000aee3100000)]
  0x0000027ac06cf800 JavaThread "jar transforms Thread 7" [_thread_blocked, id=20472, stack(0x000000aee2f00000,0x000000aee3000000)]
  0x0000027ac06cc800 JavaThread "jar transforms Thread 6" [_thread_blocked, id=33696, stack(0x000000aee2e00000,0x000000aee2f00000)]
  0x0000027ac270f000 JavaThread "jar transforms Thread 5" [_thread_blocked, id=28352, stack(0x000000aee2d00000,0x000000aee2e00000)]
  0x0000027ac270e000 JavaThread "jar transforms Thread 4" [_thread_blocked, id=16132, stack(0x000000aee2c00000,0x000000aee2d00000)]
  0x0000027ac2712000 JavaThread "jar transforms Thread 3" [_thread_blocked, id=32560, stack(0x000000aee2b00000,0x000000aee2c00000)]
  0x0000027ac2711000 JavaThread "jar transforms Thread 2" [_thread_blocked, id=18496, stack(0x000000aee2a00000,0x000000aee2b00000)]
  0x0000027ac270d000 JavaThread "jar transforms" [_thread_blocked, id=6348, stack(0x000000aee2900000,0x000000aee2a00000)]
  0x0000027ac270c800 JavaThread "File watcher consumer" daemon [_thread_blocked, id=8488, stack(0x000000aee2800000,0x000000aee2900000)]
  0x0000027ac270f800 JavaThread "File watcher server" daemon [_thread_in_native, id=16528, stack(0x000000aee2700000,0x000000aee2800000)]
  0x0000027ac2710800 JavaThread "Cache worker for file hash cache (C:\Users\boxla\.gradle\caches\7.4\fileHashes)" [_thread_blocked, id=1724, stack(0x000000aee2600000,0x000000aee2700000)]
  0x0000027ac2713800 JavaThread "File lock request listener" [_thread_in_native, id=31964, stack(0x000000aee2500000,0x000000aee2600000)]
  0x0000027ac2712800 JavaThread "Cache worker for journal cache (C:\Users\boxla\.gradle\caches\journal-1)" [_thread_blocked, id=27812, stack(0x000000aee2400000,0x000000aee2500000)]
  0x0000027ac1e86000 JavaThread "Daemon client event forwarder" [_thread_blocked, id=9704, stack(0x000000aee2300000,0x000000aee2400000)]
  0x0000027ac1e79000 JavaThread "Stdin handler" [_thread_blocked, id=21960, stack(0x000000aee2200000,0x000000aee2300000)]
  0x0000027ac1e77800 JavaThread "Asynchronous log dispatcher for DefaultDaemonConnection: socket connection from /127.0.0.1:13851 to /127.0.0.1:13852" [_thread_blocked, id=30984, stack(0x000000aee2100000,0x000000aee2200000)]
  0x0000027ac1e80800 JavaThread "Daemon worker" [_thread_in_native, id=32140, stack(0x000000aee2000000,0x000000aee2100000)]
  0x0000027ac1e80000 JavaThread "Cancel handler" [_thread_blocked, id=24956, stack(0x000000aee1f00000,0x000000aee2000000)]
  0x0000027ac1a05800 JavaThread "Handler for socket connection from /127.0.0.1:13851 to /127.0.0.1:13852" [_thread_in_native, id=25612, stack(0x000000aee1e00000,0x000000aee1f00000)]
  0x0000027ac1a7b000 JavaThread "Daemon" [_thread_blocked, id=21184, stack(0x000000aee1d00000,0x000000aee1e00000)]
  0x0000027ac172f800 JavaThread "Daemon periodic checks" [_thread_blocked, id=26216, stack(0x000000aee1c00000,0x000000aee1d00000)]
  0x0000027ac1a41000 JavaThread "Incoming local TCP Connector on port 13851" [_thread_in_native, id=12308, stack(0x000000aee1b00000,0x000000aee1c00000)]
  0x0000027ac18c3000 JavaThread "Daemon health stats" [_thread_blocked, id=12796, stack(0x000000aee1a00000,0x000000aee1b00000)]
  0x0000027abff56800 JavaThread "Service Thread" daemon [_thread_blocked, id=6800, stack(0x000000aee1800000,0x000000aee1900000)]
  0x0000027abdbcd000 JavaThread "C1 CompilerThread3" daemon [_thread_blocked, id=10176, stack(0x000000aee1700000,0x000000aee1800000)]
  0x0000027abdbc1800 JavaThread "C2 CompilerThread2" daemon [_thread_blocked, id=24296, stack(0x000000aee1600000,0x000000aee1700000)]
  0x0000027abdbbf000 JavaThread "C2 CompilerThread1" daemon [_thread_blocked, id=22724, stack(0x000000aee1500000,0x000000aee1600000)]
=>0x0000027abdbc3800 JavaThread "C2 CompilerThread0" daemon [_thread_in_native, id=21840, stack(0x000000aee1400000,0x000000aee1500000)]
  0x0000027abdbba800 JavaThread "Attach Listener" daemon [_thread_blocked, id=9188, stack(0x000000aee1300000,0x000000aee1400000)]
  0x0000027abdbb9800 JavaThread "Signal Dispatcher" daemon [_thread_blocked, id=4824, stack(0x000000aee1200000,0x000000aee1300000)]
  0x0000027abdb70000 JavaThread "Finalizer" daemon [_thread_blocked, id=14400, stack(0x000000aee1100000,0x000000aee1200000)]
  0x0000027abdb65000 JavaThread "Reference Handler" daemon [_thread_blocked, id=30512, stack(0x000000aee1000000,0x000000aee1100000)]
  0x0000027aa743c800 JavaThread "main" [_thread_blocked, id=13816, stack(0x000000aee0400000,0x000000aee0500000)]

Other Threads:
  0x0000027abdb3c800 VMThread [stack: 0x000000aee0f00000,0x000000aee1000000] [id=14868]
  0x0000027abff59000 WatcherThread [stack: 0x000000aee1900000,0x000000aee1a00000] [id=1540]

VM state:not at safepoint (normal execution)

VM Mutex/Monitor currently owned by a thread: None

heap address: 0x0000000080000000, size: 2048 MB, Compressed Oops mode: 32-bit
Narrow klass base: 0x0000000000000000, Narrow klass shift: 3
Compressed class space size: 1073741824 Address: 0x0000000100000000

Heap:
 PSYoungGen      total 428544K, used 249101K [0x00000000d5580000, 0x00000000f0580000, 0x0000000100000000)
  eden space 417792K, 59% used [0x00000000d5580000,0x00000000e482b5e8,0x00000000eed80000)
  from space 10752K, 5% used [0x00000000efb00000,0x00000000efb98000,0x00000000f0580000)
  to   space 12288K, 0% used [0x00000000eed80000,0x00000000eed80000,0x00000000ef980000)
 ParOldGen       total 130560K, used 26803K [0x0000000080000000, 0x0000000087f80000, 0x00000000d5580000)
  object space 130560K, 20% used [0x0000000080000000,0x0000000081a2ced8,0x0000000087f80000)
 Metaspace       used 36780K, capacity 38602K, committed 38912K, reserved 1083392K
  class space    used 5222K, capacity 5582K, committed 5632K, reserved 1048576K

Card table byte_map: [0x0000027ab8610000,0x0000027ab8a20000] byte_map_base: 0x0000027ab8210000

Marking Bits: (ParMarkBitMap*) 0x0000000072e47860
 Begin Bits: [0x0000027ab8cd0000, 0x0000027abacd0000)
 End Bits:   [0x0000027abacd0000, 0x0000027abccd0000)

Polling page: 0x0000027aa7620000

CodeCache: size=245760Kb used=15515Kb max_used=15526Kb free=230244Kb
 bounds [0x0000027aa9250000, 0x0000027aaa190000, 0x0000027ab8250000]
 total_blobs=4288 nmethods=3577 adapters=623
 compilation: enabled

Compilation events (10 events):
Event: 17.532 Thread 0x0000027abdbbf000 3997       4       java.util.stream.ReferencePipeline$StatelessOp::<init> (29 bytes)
Event: 17.533 Thread 0x0000027abdbc3800 3998       4       java.util.stream.Sink$ChainedReference::end (10 bytes)
Event: 17.533 Thread 0x0000027abdbc3800 nmethod 3998 0x0000027aaa177f10 code [0x0000027aaa178040, 0x0000027aaa1780b8]
Event: 17.534 Thread 0x0000027abdbbf000 nmethod 3997 0x0000027aaa17f4d0 code [0x0000027aaa17f600, 0x0000027aaa17f758]
Event: 17.534 Thread 0x0000027abdbc1800 nmethod 3996 0x0000027aaa185310 code [0x0000027aaa185460, 0x0000027aaa1855d8]
Event: 17.535 Thread 0x0000027abdbc3800 3999       4       com.google.common.collect.AbstractIterator::hasNext (65 bytes)
Event: 17.538 Thread 0x0000027abdbbf000 4000       4       java.util.Collections$UnmodifiableCollection::contains (11 bytes)
Event: 17.539 Thread 0x0000027abdbbf000 nmethod 4000 0x0000027aaa184f50 code [0x0000027aaa1850a0, 0x0000027aaa1851b8]
Event: 17.573 Thread 0x0000027abdbc1800 4001       4       sun.security.provider.ByteArrayAccess::i2bLittle (204 bytes)
Event: 17.577 Thread 0x0000027abdbc1800 nmethod 4001 0x0000027aaa186a10 code [0x0000027aaa186b60, 0x0000027aaa186df8]

GC Heap History (10 events):
Event: 15.142 GC heap before
{Heap before GC invocations=20 (full 2):
 PSYoungGen      total 365056K, used 351277K [0x00000000d5580000, 0x00000000ec880000, 0x0000000100000000)
  eden space 350208K, 100% used [0x00000000d5580000,0x00000000eab80000,0x00000000eab80000)
  from space 14848K, 7% used [0x00000000eab80000,0x00000000eac8b510,0x00000000eba00000)
  to   space 14336K, 0% used [0x00000000eba80000,0x00000000eba80000,0x00000000ec880000)
 ParOldGen       total 130560K, used 22971K [0x0000000080000000, 0x0000000087f80000, 0x00000000d5580000)
  object space 130560K, 17% used [0x0000000080000000,0x000000008166eed8,0x0000000087f80000)
 Metaspace       used 36636K, capacity 38338K, committed 38656K, reserved 1083392K
  class space    used 5206K, capacity 5568K, committed 5632K, reserved 1048576K
Event: 15.144 GC heap after
Heap after GC invocations=20 (full 2):
 PSYoungGen      total 364544K, used 576K [0x00000000d5580000, 0x00000000ec880000, 0x0000000100000000)
  eden space 350208K, 0% used [0x00000000d5580000,0x00000000d5580000,0x00000000eab80000)
  from space 14336K, 4% used [0x00000000eba80000,0x00000000ebb10000,0x00000000ec880000)
  to   space 14848K, 0% used [0x00000000eab80000,0x00000000eab80000,0x00000000eba00000)
 ParOldGen       total 130560K, used 23683K [0x0000000080000000, 0x0000000087f80000, 0x00000000d5580000)
  object space 130560K, 18% used [0x0000000080000000,0x0000000081720ed8,0x0000000087f80000)
 Metaspace       used 36636K, capacity 38338K, committed 38656K, reserved 1083392K
  class space    used 5206K, capacity 5568K, committed 5632K, reserved 1048576K
}
Event: 15.565 GC heap before
{Heap before GC invocations=21 (full 2):
 PSYoungGen      total 364544K, used 350784K [0x00000000d5580000, 0x00000000ec880000, 0x0000000100000000)
  eden space 350208K, 100% used [0x00000000d5580000,0x00000000eab80000,0x00000000eab80000)
  from space 14336K, 4% used [0x00000000eba80000,0x00000000ebb10000,0x00000000ec880000)
  to   space 14848K, 0% used [0x00000000eab80000,0x00000000eab80000,0x00000000eba00000)
 ParOldGen       total 130560K, used 23683K [0x0000000080000000, 0x0000000087f80000, 0x00000000d5580000)
  object space 130560K, 18% used [0x0000000080000000,0x0000000081720ed8,0x0000000087f80000)
 Metaspace       used 36637K, capacity 38338K, committed 38656K, reserved 1083392K
  class space    used 5206K, capacity 5568K, committed 5632K, reserved 1048576K
Event: 15.568 GC heap after
Heap after GC invocations=21 (full 2):
 PSYoungGen      total 365056K, used 928K [0x00000000d5580000, 0x00000000f0780000, 0x0000000100000000)
  eden space 350208K, 0% used [0x00000000d5580000,0x00000000d5580000,0x00000000eab80000)
  from space 14848K, 6% used [0x00000000eab80000,0x00000000eac68000,0x00000000eba00000)
  to   space 12800K, 0% used [0x00000000efb00000,0x00000000efb00000,0x00000000f0780000)
 ParOldGen       total 130560K, used 24195K [0x0000000080000000, 0x0000000087f80000, 0x00000000d5580000)
  object space 130560K, 18% used [0x0000000080000000,0x00000000817a0ed8,0x0000000087f80000)
 Metaspace       used 36637K, capacity 38338K, committed 38656K, reserved 1083392K
  class space    used 5206K, capacity 5568K, committed 5632K, reserved 1048576K
}
Event: 15.922 GC heap before
{Heap before GC invocations=22 (full 2):
 PSYoungGen      total 365056K, used 351136K [0x00000000d5580000, 0x00000000f0780000, 0x0000000100000000)
  eden space 350208K, 100% used [0x00000000d5580000,0x00000000eab80000,0x00000000eab80000)
  from space 14848K, 6% used [0x00000000eab80000,0x00000000eac68000,0x00000000eba00000)
  to   space 12800K, 0% used [0x00000000efb00000,0x00000000efb00000,0x00000000f0780000)
 ParOldGen       total 130560K, used 24195K [0x0000000080000000, 0x0000000087f80000, 0x00000000d5580000)
  object space 130560K, 18% used [0x0000000080000000,0x00000000817a0ed8,0x0000000087f80000)
 Metaspace       used 36637K, capacity 38338K, committed 38656K, reserved 1083392K
  class space    used 5206K, capacity 5568K, committed 5632K, reserved 1048576K
Event: 15.925 GC heap after
Heap after GC invocations=22 (full 2):
 PSYoungGen      total 428544K, used 960K [0x00000000d5580000, 0x00000000f0580000, 0x0000000100000000)
  eden space 417792K, 0% used [0x00000000d5580000,0x00000000d5580000,0x00000000eed80000)
  from space 10752K, 8% used [0x00000000efb00000,0x00000000efbf0000,0x00000000f0580000)
  to   space 12288K, 0% used [0x00000000eed80000,0x00000000eed80000,0x00000000ef980000)
 ParOldGen       total 130560K, used 24987K [0x0000000080000000, 0x0000000087f80000, 0x00000000d5580000)
  object space 130560K, 19% used [0x0000000080000000,0x0000000081866ed8,0x0000000087f80000)
 Metaspace       used 36637K, capacity 38338K, committed 38656K, reserved 1083392K
  class space    used 5206K, capacity 5568K, committed 5632K, reserved 1048576K
}
Event: 16.351 GC heap before
{Heap before GC invocations=23 (full 2):
 PSYoungGen      total 428544K, used 418752K [0x00000000d5580000, 0x00000000f0580000, 0x0000000100000000)
  eden space 417792K, 100% used [0x00000000d5580000,0x00000000eed80000,0x00000000eed80000)
  from space 10752K, 8% used [0x00000000efb00000,0x00000000efbf0000,0x00000000f0580000)
  to   space 12288K, 0% used [0x00000000eed80000,0x00000000eed80000,0x00000000ef980000)
 ParOldGen       total 130560K, used 24987K [0x0000000080000000, 0x0000000087f80000, 0x00000000d5580000)
  object space 130560K, 19% used [0x0000000080000000,0x0000000081866ed8,0x0000000087f80000)
 Metaspace       used 36638K, capacity 38338K, committed 38656K, reserved 1083392K
  class space    used 5206K, capacity 5568K, committed 5632K, reserved 1048576K
Event: 16.354 GC heap after
Heap after GC invocations=23 (full 2):
 PSYoungGen      total 430080K, used 1120K [0x00000000d5580000, 0x00000000f0580000, 0x0000000100000000)
  eden space 417792K, 0% used [0x00000000d5580000,0x00000000d5580000,0x00000000eed80000)
  from space 12288K, 9% used [0x00000000eed80000,0x00000000eee98000,0x00000000ef980000)
  to   space 10752K, 0% used [0x00000000efb00000,0x00000000efb00000,0x00000000f0580000)
 ParOldGen       total 130560K, used 25819K [0x0000000080000000, 0x0000000087f80000, 0x00000000d5580000)
  object space 130560K, 19% used [0x0000000080000000,0x0000000081936ed8,0x0000000087f80000)
 Metaspace       used 36638K, capacity 38338K, committed 38656K, reserved 1083392K
  class space    used 5206K, capacity 5568K, committed 5632K, reserved 1048576K
}
Event: 16.672 GC heap before
{Heap before GC invocations=24 (full 2):
 PSYoungGen      total 430080K, used 418912K [0x00000000d5580000, 0x00000000f0580000, 0x0000000100000000)
  eden space 417792K, 100% used [0x00000000d5580000,0x00000000eed80000,0x00000000eed80000)
  from space 12288K, 9% used [0x00000000eed80000,0x00000000eee98000,0x00000000ef980000)
  to   space 10752K, 0% used [0x00000000efb00000,0x00000000efb00000,0x00000000f0580000)
 ParOldGen       total 130560K, used 25819K [0x0000000080000000, 0x0000000087f80000, 0x00000000d5580000)
  object space 130560K, 19% used [0x0000000080000000,0x0000000081936ed8,0x0000000087f80000)
 Metaspace       used 36638K, capacity 38338K, committed 38656K, reserved 1083392K
  class space    used 5206K, capacity 5568K, committed 5632K, reserved 1048576K
Event: 16.675 GC heap after
Heap after GC invocations=24 (full 2):
 PSYoungGen      total 428544K, used 608K [0x00000000d5580000, 0x00000000f0580000, 0x0000000100000000)
  eden space 417792K, 0% used [0x00000000d5580000,0x00000000d5580000,0x00000000eed80000)
  from space 10752K, 5% used [0x00000000efb00000,0x00000000efb98000,0x00000000f0580000)
  to   space 12288K, 0% used [0x00000000eed80000,0x00000000eed80000,0x00000000ef980000)
 ParOldGen       total 130560K, used 26803K [0x0000000080000000, 0x0000000087f80000, 0x00000000d5580000)
  object space 130560K, 20% used [0x0000000080000000,0x0000000081a2ced8,0x0000000087f80000)
 Metaspace       used 36638K, capacity 38338K, committed 38656K, reserved 1083392K
  class space    used 5206K, capacity 5568K, committed 5632K, reserved 1048576K
}

Deoptimization events (10 events):
Event: 17.272 Thread 0x0000027ac1e80800 Uncommon trap: reason=unstable_if action=reinterpret pc=0x0000027aa978b3a4 method=java.util.zip.ZipInputStream.readEnd(Ljava/util/zip/ZipEntry;)V @ 42
Event: 17.275 Thread 0x0000027ac1e80800 Uncommon trap: reason=class_check action=maybe_recompile pc=0x0000027aa9f473e4 method=org.gradle.api.internal.file.archive.impl.JdkZipEntry.withInputStream(Lorg/gradle/api/internal/file/archive/ZipEntry$InputStreamAction;)Ljava/lang/Object; @ 15
Event: 17.275 Thread 0x0000027ac1e80800 Uncommon trap: reason=unstable_if action=reinterpret pc=0x0000027aa9f1db1c method=java.util.zip.ZipInputStream.read([BII)I @ 38
Event: 17.275 Thread 0x0000027ac1e80800 Uncommon trap: reason=class_check action=maybe_recompile pc=0x0000027aa9f473e4 method=org.gradle.api.internal.file.archive.impl.JdkZipEntry.withInputStream(Lorg/gradle/api/internal/file/archive/ZipEntry$InputStreamAction;)Ljava/lang/Object; @ 15
Event: 17.275 Thread 0x0000027ac1e80800 Uncommon trap: reason=unstable_if action=reinterpret pc=0x0000027aa9cf10b8 method=java.util.zip.ZipInputStream.read([BII)I @ 38
Event: 17.275 Thread 0x0000027ac1e80800 Uncommon trap: reason=class_check action=maybe_recompile pc=0x0000027aa9f473e4 method=org.gradle.api.internal.file.archive.impl.JdkZipEntry.withInputStream(Lorg/gradle/api/internal/file/archive/ZipEntry$InputStreamAction;)Ljava/lang/Object; @ 15
Event: 17.275 Thread 0x0000027ac1e80800 Uncommon trap: reason=unstable_if action=reinterpret pc=0x0000027aa968f010 method=java.util.zip.ZipInputStream.read([BII)I @ 38
Event: 17.275 Thread 0x0000027ac1e80800 Uncommon trap: reason=class_check action=maybe_recompile pc=0x0000027aa9f473e4 method=org.gradle.api.internal.file.archive.impl.JdkZipEntry.withInputStream(Lorg/gradle/api/internal/file/archive/ZipEntry$InputStreamAction;)Ljava/lang/Object; @ 15
Event: 17.276 Thread 0x0000027ac1e80800 Uncommon trap: reason=unstable_if action=reinterpret pc=0x0000027aa991f698 method=sun.security.provider.DigestBase.engineUpdate([BII)V @ 1
Event: 17.334 Thread 0x0000027ac1e80800 Uncommon trap: reason=unstable_if action=reinterpret pc=0x0000027aa991e078 method=sun.security.provider.DigestBase.engineUpdate([BII)V @ 1

Classes redefined (0 events):
No events

Internal exceptions (10 events):
Event: 9.752 Thread 0x0000027ac1e80800 Exception <a 'java/lang/ClassNotFoundException': ijinit_4jzanp9peu6vv0dumdb73pogr$_run_closure1BeanInfo> (0x00000000d89a2c98) thrown at [C:\wsjdk\Corretto8Src\installers\windows\zip\corretto-build\buildRoot\src\hotspot\src\share\vm\classfile\systemDiction
Event: 9.752 Thread 0x0000027ac1e80800 Exception <a 'java/lang/ClassNotFoundException': ijinit_4jzanp9peu6vv0dumdb73pogr$_run_closure1Customizer> (0x00000000d89a87e8) thrown at [C:\wsjdk\Corretto8Src\installers\windows\zip\corretto-build\buildRoot\src\hotspot\src\share\vm\classfile\systemDicti
Event: 10.917 Thread 0x0000027ac06cf800 Exception <a 'sun/nio/fs/WindowsException'> (0x00000000da047930) thrown at [C:\wsjdk\Corretto8Src\installers\windows\zip\corretto-build\buildRoot\src\hotspot\src\share\vm\prims\jni.cpp, line 711]
Event: 13.558 Thread 0x0000027ac06cf800 Implicit null exception at 0x0000027aa95da8e0 to 0x0000027aa95db151
Event: 16.856 Thread 0x0000027ac06cf800 Exception <a 'sun/nio/fs/WindowsException'> (0x00000000e20b2458) thrown at [C:\wsjdk\Corretto8Src\installers\windows\zip\corretto-build\buildRoot\src\hotspot\src\share\vm\prims\jni.cpp, line 711]
Event: 16.858 Thread 0x0000027ac06cf800 Exception <a 'sun/nio/fs/WindowsException'> (0x00000000e20b27e8) thrown at [C:\wsjdk\Corretto8Src\installers\windows\zip\corretto-build\buildRoot\src\hotspot\src\share\vm\prims\jni.cpp, line 711]
Event: 17.275 Thread 0x0000027ac1e80800 Implicit null exception at 0x0000027aa9f1d5c4 to 0x0000027aa9f1db0d
Event: 17.275 Thread 0x0000027ac1e80800 Implicit null exception at 0x0000027aa9cf0b78 to 0x0000027aa9cf10a9
Event: 17.275 Thread 0x0000027ac1e80800 Implicit null exception at 0x0000027aa968ed5e to 0x0000027aa968f001
Event: 17.285 Thread 0x0000027ac1e80800 Exception <a 'java/lang/NoSuchMethodError': java.lang.Object.lambda$comparingByKey$bbdbfea9$1(Ljava/util/Map$Entry;Ljava/util/Map$Entry;)I> (0x00000000e21daac0) thrown at [C:\wsjdk\Corretto8Src\installers\windows\zip\corretto-build\buildRoot\src\hotspot\s

Events (10 events):
Event: 17.286 loading class java/util/stream/SortedOps$OfRef done
Event: 17.286 Executing VM operation: Deoptimize
Event: 17.286 Executing VM operation: Deoptimize done
Event: 17.287 loading class java/util/stream/SortedOps$RefSortingSink
Event: 17.287 loading class java/util/stream/SortedOps$AbstractRefSortingSink
Event: 17.287 loading class java/util/stream/SortedOps$AbstractRefSortingSink done
Event: 17.287 loading class java/util/stream/SortedOps$RefSortingSink done
Event: 17.334 Thread 0x0000027ac1e80800 Uncommon trap: trap_request=0xffffff65 fr.pc=0x0000027aa991e078
Event: 17.334 Thread 0x0000027ac1e80800 DEOPT PACKING pc=0x0000027aa991e078 sp=0x000000aee20f96d0
Event: 17.334 Thread 0x0000027ac1e80800 DEOPT UNPACKING pc=0x0000027aa9295583 sp=0x000000aee20f96b0 mode 2


Dynamic libraries:
0x00007ff71eb20000 - 0x00007ff71eb5a000 	D:\JDKs\jdk1.8\bin\java.exe
0x00007ffd82ce0000 - 0x00007ffd82eef000 	C:\WINDOWS\SYSTEM32\ntdll.dll
0x00007ffd82ac0000 - 0x00007ffd82b7d000 	C:\WINDOWS\System32\KERNEL32.DLL
0x00007ffd80330000 - 0x00007ffd806c4000 	C:\WINDOWS\System32\KERNELBASE.dll
0x00007ffd80ce0000 - 0x00007ffd80d8e000 	C:\WINDOWS\System32\ADVAPI32.dll
0x00007ffd81d40000 - 0x00007ffd81de4000 	C:\WINDOWS\System32\msvcrt.dll
0x00007ffd82730000 - 0x00007ffd827d5000 	C:\WINDOWS\System32\sechost.dll
0x00007ffd80d90000 - 0x00007ffd80eaf000 	C:\WINDOWS\System32\RPCRT4.dll
0x00007ffd80b20000 - 0x00007ffd80cca000 	C:\WINDOWS\System32\USER32.dll
0x00007ffd80160000 - 0x00007ffd80186000 	C:\WINDOWS\System32\win32u.dll
0x00007ffd81f10000 - 0x00007ffd81f39000 	C:\WINDOWS\System32\GDI32.dll
0x00007ffd80210000 - 0x00007ffd80327000 	C:\WINDOWS\System32\gdi32full.dll
0x00007ffd806d0000 - 0x00007ffd8076a000 	C:\WINDOWS\System32\msvcp_win.dll
0x00007ffd80940000 - 0x00007ffd80a51000 	C:\WINDOWS\System32\ucrtbase.dll
0x00007ffd6ec70000 - 0x00007ffd6ef11000 	C:\WINDOWS\WinSxS\amd64_microsoft.windows.common-controls_6595b64144ccf1df_6.0.22543.1000_none_25f07d7fa9409c95\COMCTL32.dll
0x00007ffd82660000 - 0x00007ffd82691000 	C:\WINDOWS\System32\IMM32.DLL
0x00007ffd498c0000 - 0x00007ffd499af000 	D:\JDKs\jdk1.8\jre\bin\msvcr120.dll
0x00007ffd49810000 - 0x00007ffd498b6000 	D:\JDKs\jdk1.8\jre\bin\msvcp120.dll
0x0000000072650000 - 0x0000000072ec6000 	D:\JDKs\jdk1.8\jre\bin\server\jvm.dll
0x00007ffd81060000 - 0x00007ffd81068000 	C:\WINDOWS\System32\PSAPI.DLL
0x00007ffd795d0000 - 0x00007ffd795d9000 	C:\WINDOWS\SYSTEM32\WSOCK32.dll
0x00007ffd80fe0000 - 0x00007ffd81051000 	C:\WINDOWS\System32\WS2_32.dll
0x00007ffd79be0000 - 0x00007ffd79bea000 	C:\WINDOWS\SYSTEM32\VERSION.dll
0x00007ffd76f10000 - 0x00007ffd76f44000 	C:\WINDOWS\SYSTEM32\WINMM.dll
0x00007ffd79c80000 - 0x00007ffd79c8f000 	D:\JDKs\jdk1.8\jre\bin\verify.dll
0x00007ffd6b090000 - 0x00007ffd6b0b9000 	D:\JDKs\jdk1.8\jre\bin\java.dll
0x00007ffd79700000 - 0x00007ffd79716000 	D:\JDKs\jdk1.8\jre\bin\zip.dll
0x00007ffd81200000 - 0x00007ffd819bd000 	C:\WINDOWS\System32\SHELL32.dll
0x00007ffd7e110000 - 0x00007ffd7e969000 	C:\WINDOWS\SYSTEM32\windows.storage.dll
0x00007ffd819c0000 - 0x00007ffd81d31000 	C:\WINDOWS\System32\combase.dll
0x00007ffd7dfd0000 - 0x00007ffd7e10c000 	C:\WINDOWS\SYSTEM32\wintypes.dll
0x00007ffd82b80000 - 0x00007ffd82c71000 	C:\WINDOWS\System32\SHCORE.dll
0x00007ffd82a60000 - 0x00007ffd82abb000 	C:\WINDOWS\System32\shlwapi.dll
0x00007ffd80090000 - 0x00007ffd800b1000 	C:\WINDOWS\SYSTEM32\profapi.dll
0x00007ffd795f0000 - 0x00007ffd7960a000 	D:\JDKs\jdk1.8\jre\bin\net.dll
0x00007ffd560d0000 - 0x00007ffd56187000 	C:\WINDOWS\Heybox\heyboxlsp_x64.dll
0x00007ffd7f610000 - 0x00007ffd7f679000 	C:\WINDOWS\system32\mswsock.dll
0x00007ffd78670000 - 0x00007ffd78682000 	D:\JDKs\jdk1.8\jre\bin\nio.dll
0x00007ffd696c0000 - 0x00007ffd696e7000 	C:\Users\boxla\.gradle\native\e1d6ef7f7dcc3fd88c89a11ec53ec762bb8ba0a96d01ffa2cd45eb1d1d8dd5c5\windows-amd64\native-platform.dll
0x00007ffd466e0000 - 0x00007ffd46824000 	C:\Users\boxla\.gradle\native\0d407fdbe67a94daf76414ababcb853783967236a71b16ec16e742cd7a986fd3\windows-amd64\native-platform-file-events.dll
0x00007ffd77470000 - 0x00007ffd7747d000 	D:\JDKs\jdk1.8\jre\bin\management.dll
0x00007ffd7f8f0000 - 0x00007ffd7f90c000 	C:\WINDOWS\SYSTEM32\CRYPTSP.dll
0x00007ffd7f0f0000 - 0x00007ffd7f125000 	C:\WINDOWS\system32\rsaenh.dll
0x00007ffd7f6b0000 - 0x00007ffd7f6d7000 	C:\WINDOWS\SYSTEM32\USERENV.dll
0x00007ffd7fab0000 - 0x00007ffd7fad8000 	C:\WINDOWS\SYSTEM32\bcrypt.dll
0x00007ffd80190000 - 0x00007ffd8020b000 	C:\WINDOWS\System32\bcryptprimitives.dll
0x00007ffd7f800000 - 0x00007ffd7f80c000 	C:\WINDOWS\SYSTEM32\CRYPTBASE.dll
0x00007ffd7eb80000 - 0x00007ffd7ebad000 	C:\WINDOWS\SYSTEM32\IPHLPAPI.DLL
0x00007ffd81f40000 - 0x00007ffd81f49000 	C:\WINDOWS\System32\NSI.dll
0x00007ffd73c20000 - 0x00007ffd73c39000 	C:\WINDOWS\SYSTEM32\dhcpcsvc6.DLL
0x00007ffd73c00000 - 0x00007ffd73c1f000 	C:\WINDOWS\SYSTEM32\dhcpcsvc.DLL
0x00007ffd7ebe0000 - 0x00007ffd7ecd6000 	C:\WINDOWS\SYSTEM32\DNSAPI.dll

VM Arguments:
jvm_args: -Xmx2048m -Dfile.encoding=UTF-8 -Duser.country=CN -Duser.language=zh -Duser.variant 
java_command: org.gradle.launcher.daemon.bootstrap.GradleDaemon 7.4
java_class_path (initial): C:\Users\boxla\.gradle\wrapper\dists\gradle-7.4-bin\c0gwcg53nkjbqw7r0h0umtfvt\gradle-7.4\lib\gradle-launcher-7.4.jar
Launcher Type: SUN_STANDARD

Environment Variables:
JAVA_HOME=D:\Scoop\apps\adoptopenjdk-openj9\current
PATH=C:\Program Files\Python39\Scripts\;C:\Program Files\Python39\;C:\Program Files (x86)\Common Files\Intel\Shared Libraries\redist\intel64\compiler;C:\WINDOWS\System32;C:\WINDOWS;C:\WINDOWS\System32\wbem;C:\WINDOWS\System32\WindowsPowerShell\v1.0\;C:\WINDOWS\System32\OpenSSH\;C:\Program Files\NVIDIA Corporation\NVIDIA NvDLISR;D:\Git\cmd;C:\Program Files\Go\bin;C:\Program Files\nodejs\;C:\Program Files\php;C:\Users\boxla\AppData\Roaming\Python\Python37\Scripts;C:\Program Files\dotnet\;C:\ProgramData\ComposerSetup\bin;C:\ProgramData\chocolatey\bin;C:\Program Files\LxRunOffline;D:\Toolchain\MinGW\bin;D:\Toolchain\embedded\gcc-arm-none-eabi-10.3-2021.10\bin;D:\xFTP\;D:\Toolchain\ADB;D:\GnuPG\bin;C:\WINDOWS\system32;C:\WINDOWS\System32\Wbem;C:\Program Files (x86)\NVIDIA Corporation\PhysX\Common;C:\WINDOWS\system32;C:\WINDOWS;C:\WINDOWS\System32\Wbem;C:\WINDOWS\System32\WindowsPowerShell\v1.0\;C:\WINDOWS\System32\OpenSSH\;D:\Hugo\bin;;D:\微信web开发者工具\dll;D:\Scoop\apps\adoptopenjdk-openj9\current\bin;D:\Scoop\shims;C:\Users\boxla\AppData\Local\Microsoft\WindowsApps;D:\Microsoft VS Code\bin;C:\Users\boxla\go\bin;C:\Users\boxla\AppData\Roaming\npm;C:\Users\boxla\.dotnet\tools;C:\Users\boxla\AppData\Roaming\Composer\vendor\bin;C:\Source\flutter\bin;C:\Users\boxla\AppData\Local\Microsoft\WindowsApps;C:\Users\boxla\.dotnet\tools
USERNAME=boxla
OS=Windows_NT
PROCESSOR_IDENTIFIER=Intel64 Family 6 Model 158 Stepping 10, GenuineIntel



---------------  S Y S T E M  ---------------

OS: Windows 10.0 , 64 bit Build 22543 (10.0.22543.1000)

CPU:total 12 (initial active 12) (6 cores per cpu, 2 threads per core) family 6 model 158 stepping 10, cmov, cx8, fxsr, mmx, sse, sse2, sse3, ssse3, sse4.1, sse4.2, popcnt, avx, avx2, aes, clmul, erms, 3dnowpref, lzcnt, ht, tsc, tscinvbit, bmi1, bmi2, adx

Memory: 4k page, physical 16664868k(2503492k free), swap 25053476k(324k free)

vm_info: OpenJDK 64-Bit Server VM (25.322-b06) for windows-amd64 JRE (1.8.0_322-b06), built on Jan 13 2022 23:37:51 by "Administrator" with MS VC++ 12.0 (VS2013)

time: Sun Feb 13 18:38:39 2022
timezone: ?D1ú±ê×?ê±??
elapsed time: 17.618122 seconds (0d 0h 0m 17s)

