#
# There is insufficient memory for the Java Runtime Environment to continue.
# Native memory allocation (malloc) failed to allocate 1387056 bytes for Chunk::new
# Possible reasons:
#   The system is out of physical RAM or swap space
#   The process is running with CompressedOops enabled, and the Java Heap may be blocking the growth of the native heap
# Possible solutions:
#   Reduce memory load on the system
#   Increase physical memory or swap space
#   Check if swap backing store is full
#   Decrease Java heap size (-Xmx/-Xms)
#   Decrease number of Java threads
#   Decrease Java thread stack sizes (-Xss)
#   Set larger code cache with -XX:ReservedCodeCacheSize=
#   JVM is running with Unscaled Compressed Oops mode in which the Java heap is
#     placed in the first 4GB address space. The Java Heap base address is the
#     maximum limit for the native heap growth. Please use -XX:HeapBaseMinAddress
#     to set the Java Heap base and to place the Java Heap above 4GB virtual address.
# This output file may be truncated or incomplete.
#
#  Out of Memory Error (allocation.cpp:389), pid=22188, tid=0x00000000000062f4
#
# JRE version: OpenJDK Runtime Environment (8.0_322-b06) (build 1.8.0_322-b06)
# Java VM: OpenJDK 64-Bit Server VM (25.322-b06 mixed mode windows-amd64 compressed oops)
# Failed to write core dump. Minidumps are not enabled by default on client versions of Windows
#

---------------  T H R E A D  ---------------

Current thread (0x000001a1620e7000):  JavaThread "C2 CompilerThread1" daemon [_thread_in_native, id=25332, stack(0x00000016eef00000,0x00000016ef000000)]

Stack: [0x00000016eef00000,0x00000016ef000000]
[error occurred during error reporting (printing stack bounds), id 0xc0000005]

Native frames: (J=compiled Java code, j=interpreted, Vv=VM code, C=native code)


Current CompileTask:
C2:  18439 6847       4       org.objectweb.asm.ClassWriter::toByteArray (1535 bytes)


---------------  P R O C E S S  ---------------

Java Threads: ( => current thread )
  0x000001a164e3e800 JavaThread "Unconstrained build operations Thread 120" [_thread_blocked, id=18768, stack(0x00000016f8f00000,0x00000016f9000000)]
  0x000001a164e3e000 JavaThread "Unconstrained build operations Thread 119" [_thread_blocked, id=15316, stack(0x00000016f8e00000,0x00000016f8f00000)]
  0x000001a164e3d000 JavaThread "Unconstrained build operations Thread 118" [_thread_blocked, id=9412, stack(0x00000016f8d00000,0x00000016f8e00000)]
  0x000001a164e35000 JavaThread "Unconstrained build operations Thread 117" [_thread_blocked, id=28448, stack(0x00000016f8c00000,0x00000016f8d00000)]
  0x000001a164e3c800 JavaThread "Unconstrained build operations Thread 116" [_thread_blocked, id=25280, stack(0x00000016f8b00000,0x00000016f8c00000)]
  0x000001a164e34800 JavaThread "Unconstrained build operations Thread 115" [_thread_blocked, id=3772, stack(0x00000016f8a00000,0x00000016f8b00000)]
  0x000001a164e3b800 JavaThread "Unconstrained build operations Thread 114" [_thread_blocked, id=32932, stack(0x00000016f8900000,0x00000016f8a00000)]
  0x000001a164e3a000 JavaThread "Unconstrained build operations Thread 113" [_thread_blocked, id=28260, stack(0x00000016f8800000,0x00000016f8900000)]
  0x000001a164e33800 JavaThread "Unconstrained build operations Thread 112" [_thread_blocked, id=13436, stack(0x00000016f8700000,0x00000016f8800000)]
  0x000001a164e3a800 JavaThread "Unconstrained build operations Thread 111" [_thread_blocked, id=9256, stack(0x00000016f8600000,0x00000016f8700000)]
  0x000001a164e39000 JavaThread "Unconstrained build operations Thread 110" [_thread_blocked, id=31092, stack(0x00000016f8500000,0x00000016f8600000)]
  0x000001a164e37800 JavaThread "Unconstrained build operations Thread 109" [_thread_blocked, id=20760, stack(0x00000016f8400000,0x00000016f8500000)]
  0x000001a164e36000 JavaThread "Unconstrained build operations Thread 108" [_thread_blocked, id=26676, stack(0x00000016f8300000,0x00000016f8400000)]
  0x000001a164e37000 JavaThread "Unconstrained build operations Thread 107" [_thread_blocked, id=14284, stack(0x00000016f8200000,0x00000016f8300000)]
  0x000001a164e38800 JavaThread "Unconstrained build operations Thread 106" [_thread_blocked, id=8648, stack(0x00000016f8100000,0x00000016f8200000)]
  0x000001a164e33000 JavaThread "Unconstrained build operations Thread 105" [_thread_blocked, id=24664, stack(0x00000016f8000000,0x00000016f8100000)]
  0x000001a164e32000 JavaThread "Unconstrained build operations Thread 104" [_thread_blocked, id=1444, stack(0x00000016f7f00000,0x00000016f8000000)]
  0x000001a165709800 JavaThread "Unconstrained build operations Thread 103" [_thread_blocked, id=21272, stack(0x00000016f7e00000,0x00000016f7f00000)]
  0x000001a165709000 JavaThread "Unconstrained build operations Thread 102" [_thread_blocked, id=13144, stack(0x00000016f7d00000,0x00000016f7e00000)]
  0x000001a165708000 JavaThread "Unconstrained build operations Thread 101" [_thread_blocked, id=27044, stack(0x00000016f7c00000,0x00000016f7d00000)]
  0x000001a16570d800 JavaThread "Unconstrained build operations Thread 100" [_thread_blocked, id=25984, stack(0x00000016f7b00000,0x00000016f7c00000)]
  0x000001a16570d000 JavaThread "Unconstrained build operations Thread 99" [_thread_blocked, id=812, stack(0x00000016f7a00000,0x00000016f7b00000)]
  0x000001a16570c000 JavaThread "Unconstrained build operations Thread 98" [_thread_blocked, id=19080, stack(0x00000016f7900000,0x00000016f7a00000)]
  0x000001a16570b800 JavaThread "Unconstrained build operations Thread 97" [_thread_blocked, id=25556, stack(0x00000016f7800000,0x00000016f7900000)]
  0x000001a165707800 JavaThread "Unconstrained build operations Thread 96" [_thread_blocked, id=23604, stack(0x00000016f7700000,0x00000016f7800000)]
  0x000001a16570a800 JavaThread "Unconstrained build operations Thread 95" [_thread_blocked, id=1220, stack(0x00000016f7600000,0x00000016f7700000)]
  0x000001a1656ff800 JavaThread "Unconstrained build operations Thread 94" [_thread_blocked, id=8472, stack(0x00000016f7500000,0x00000016f7600000)]
  0x000001a165702000 JavaThread "Unconstrained build operations Thread 93" [_thread_blocked, id=20976, stack(0x00000016f7400000,0x00000016f7500000)]
  0x000001a165700800 JavaThread "Unconstrained build operations Thread 92" [_thread_blocked, id=13820, stack(0x00000016f7300000,0x00000016f7400000)]
  0x000001a165705000 JavaThread "Unconstrained build operations Thread 91" [_thread_blocked, id=24720, stack(0x00000016f7200000,0x00000016f7300000)]
  0x000001a165706800 JavaThread "Unconstrained build operations Thread 90" [_thread_blocked, id=27248, stack(0x00000016f7100000,0x00000016f7200000)]
  0x000001a165704000 JavaThread "Unconstrained build operations Thread 89" [_thread_blocked, id=26100, stack(0x00000016f7000000,0x00000016f7100000)]
  0x000001a1656fe800 JavaThread "Unconstrained build operations Thread 88" [_thread_blocked, id=13812, stack(0x00000016f6f00000,0x00000016f7000000)]
  0x000001a165703800 JavaThread "Unconstrained build operations Thread 87" [_thread_blocked, id=26064, stack(0x00000016f6e00000,0x00000016f6f00000)]
  0x000001a165706000 JavaThread "Unconstrained build operations Thread 86" [_thread_blocked, id=7804, stack(0x00000016f6d00000,0x00000016f6e00000)]
  0x000001a165701000 JavaThread "Unconstrained build operations Thread 85" [_thread_blocked, id=25424, stack(0x00000016f6c00000,0x00000016f6d00000)]
  0x000001a165702800 JavaThread "Unconstrained build operations Thread 84" [_thread_blocked, id=27376, stack(0x00000016f6b00000,0x00000016f6c00000)]
  0x000001a16b781000 JavaThread "Unconstrained build operations Thread 83" [_thread_blocked, id=8764, stack(0x00000016f6a00000,0x00000016f6b00000)]
  0x000001a16b780800 JavaThread "Unconstrained build operations Thread 82" [_thread_blocked, id=30348, stack(0x00000016f6900000,0x00000016f6a00000)]
  0x000001a16b77f000 JavaThread "Unconstrained build operations Thread 81" [_thread_blocked, id=5620, stack(0x00000016f6800000,0x00000016f6900000)]
  0x000001a16b77e000 JavaThread "Unconstrained build operations Thread 80" [_thread_blocked, id=28072, stack(0x00000016f6700000,0x00000016f6800000)]
  0x000001a16b77f800 JavaThread "Unconstrained build operations Thread 79" [_thread_blocked, id=25660, stack(0x00000016f6600000,0x00000016f6700000)]
  0x000001a16b776000 JavaThread "Unconstrained build operations Thread 78" [_thread_blocked, id=16880, stack(0x00000016f6500000,0x00000016f6600000)]
  0x000001a16b77c800 JavaThread "Unconstrained build operations Thread 77" [_thread_blocked, id=26724, stack(0x00000016f6400000,0x00000016f6500000)]
  0x000001a16b77d800 JavaThread "Unconstrained build operations Thread 76" [_thread_blocked, id=7764, stack(0x00000016f6300000,0x00000016f6400000)]
  0x000001a16b77b800 JavaThread "Unconstrained build operations Thread 75" [_thread_blocked, id=28224, stack(0x00000016f6200000,0x00000016f6300000)]
  0x000001a16b775800 JavaThread "Unconstrained build operations Thread 74" [_thread_blocked, id=8132, stack(0x00000016f6100000,0x00000016f6200000)]
  0x000001a16b77b000 JavaThread "Unconstrained build operations Thread 73" [_thread_blocked, id=16100, stack(0x00000016f6000000,0x00000016f6100000)]
  0x000001a16b774000 JavaThread "Unconstrained build operations Thread 72" [_thread_blocked, id=21088, stack(0x00000016f5f00000,0x00000016f6000000)]
  0x000001a16b77a000 JavaThread "Unconstrained build operations Thread 71" [_thread_blocked, id=26920, stack(0x00000016f5e00000,0x00000016f5f00000)]
  0x000001a16b773000 JavaThread "Unconstrained build operations Thread 70" [_thread_blocked, id=29728, stack(0x00000016f5d00000,0x00000016f5e00000)]
  0x000001a16b779800 JavaThread "Unconstrained build operations Thread 69" [_thread_blocked, id=27628, stack(0x00000016f5c00000,0x00000016f5d00000)]
  0x000001a16b774800 JavaThread "Unconstrained build operations Thread 68" [_thread_blocked, id=26324, stack(0x00000016f5b00000,0x00000016f5c00000)]
  0x000001a16b778800 JavaThread "Unconstrained build operations Thread 67" [_thread_blocked, id=29292, stack(0x00000016f5a00000,0x00000016f5b00000)]
  0x000001a16b778000 JavaThread "Unconstrained build operations Thread 66" [_thread_blocked, id=32004, stack(0x00000016f5900000,0x00000016f5a00000)]
  0x000001a16b777000 JavaThread "Unconstrained build operations Thread 65" [_thread_blocked, id=11300, stack(0x00000016f5800000,0x00000016f5900000)]
  0x000001a16b772800 JavaThread "Unconstrained build operations Thread 64" [_thread_blocked, id=24192, stack(0x00000016f5700000,0x00000016f5800000)]
  0x000001a1646f9800 JavaThread "Unconstrained build operations Thread 63" [_thread_blocked, id=21872, stack(0x00000016f5600000,0x00000016f5700000)]
  0x000001a1646fb800 JavaThread "Unconstrained build operations Thread 62" [_thread_blocked, id=13404, stack(0x00000016f5500000,0x00000016f5600000)]
  0x000001a1646fa800 JavaThread "Unconstrained build operations Thread 61" [_thread_blocked, id=8864, stack(0x00000016f5400000,0x00000016f5500000)]
  0x000001a1646f9000 JavaThread "Unconstrained build operations Thread 60" [_thread_blocked, id=19584, stack(0x00000016f5300000,0x00000016f5400000)]
  0x000001a1646f8000 JavaThread "Unconstrained build operations Thread 59" [_thread_blocked, id=33444, stack(0x00000016f5200000,0x00000016f5300000)]
  0x000001a1646f7800 JavaThread "Unconstrained build operations Thread 58" [_thread_blocked, id=24044, stack(0x00000016f5100000,0x00000016f5200000)]
  0x000001a1646f6800 JavaThread "Unconstrained build operations Thread 57" [_thread_blocked, id=30072, stack(0x00000016f5000000,0x00000016f5100000)]
  0x000001a1646ee800 JavaThread "Unconstrained build operations Thread 56" [_thread_blocked, id=15168, stack(0x00000016f4f00000,0x00000016f5000000)]
  0x000001a1646f6000 JavaThread "Unconstrained build operations Thread 55" [_thread_blocked, id=29320, stack(0x00000016f4e00000,0x00000016f4f00000)]
  0x000001a1646f5000 JavaThread "Unconstrained build operations Thread 54" [_thread_blocked, id=29060, stack(0x00000016f4d00000,0x00000016f4e00000)]
  0x000001a1646f4000 JavaThread "Unconstrained build operations Thread 53" [_thread_blocked, id=23556, stack(0x00000016f4c00000,0x00000016f4d00000)]
  0x000001a1646f3800 JavaThread "Unconstrained build operations Thread 52" [_thread_blocked, id=22424, stack(0x00000016f4b00000,0x00000016f4c00000)]
  0x000001a1646ed000 JavaThread "Unconstrained build operations Thread 51" [_thread_blocked, id=28616, stack(0x00000016f4a00000,0x00000016f4b00000)]
  0x000001a1646f2800 JavaThread "Unconstrained build operations Thread 50" [_thread_blocked, id=5244, stack(0x00000016f4900000,0x00000016f4a00000)]
  0x000001a1646ec800 JavaThread "Unconstrained build operations Thread 49" [_thread_blocked, id=30572, stack(0x00000016f4800000,0x00000016f4900000)]
  0x000001a1646ef800 JavaThread "Unconstrained build operations Thread 48" [_thread_blocked, id=29216, stack(0x00000016f4700000,0x00000016f4800000)]
  0x000001a1646f2000 JavaThread "Unconstrained build operations Thread 47" [_thread_blocked, id=31460, stack(0x00000016f4600000,0x00000016f4700000)]
  0x000001a1646f1000 JavaThread "Unconstrained build operations Thread 46" [_thread_blocked, id=22404, stack(0x00000016f4500000,0x00000016f4600000)]
  0x000001a1646ee000 JavaThread "Unconstrained build operations Thread 45" [_thread_blocked, id=12272, stack(0x00000016f4400000,0x00000016f4500000)]
  0x000001a1646f0800 JavaThread "Unconstrained build operations Thread 44" [_thread_blocked, id=29172, stack(0x00000016f4300000,0x00000016f4400000)]
  0x000001a165939000 JavaThread "Unconstrained build operations Thread 43" [_thread_blocked, id=14480, stack(0x00000016f4200000,0x00000016f4300000)]
  0x000001a165938000 JavaThread "Unconstrained build operations Thread 42" [_thread_blocked, id=32572, stack(0x00000016f4100000,0x00000016f4200000)]
  0x000001a16593b800 JavaThread "Unconstrained build operations Thread 41" [_thread_blocked, id=11436, stack(0x00000016f4000000,0x00000016f4100000)]
  0x000001a16593a800 JavaThread "Unconstrained build operations Thread 40" [_thread_blocked, id=27608, stack(0x00000016f3f00000,0x00000016f4000000)]
  0x000001a165937800 JavaThread "Unconstrained build operations Thread 39" [_thread_blocked, id=8640, stack(0x00000016f3e00000,0x00000016f3f00000)]
  0x000001a16593a000 JavaThread "Unconstrained build operations Thread 38" [_thread_blocked, id=15312, stack(0x00000016f3d00000,0x00000016f3e00000)]
  0x000001a16593c000 JavaThread "Unconstrained build operations Thread 37" [_thread_blocked, id=7844, stack(0x00000016f3c00000,0x00000016f3d00000)]
  0x000001a16592f800 JavaThread "Unconstrained build operations Thread 36" [_thread_blocked, id=16720, stack(0x00000016f3b00000,0x00000016f3c00000)]
  0x000001a165935000 JavaThread "Unconstrained build operations Thread 35" [_thread_blocked, id=26128, stack(0x00000016f3a00000,0x00000016f3b00000)]
  0x000001a165934800 JavaThread "Unconstrained build operations Thread 34" [_thread_blocked, id=7940, stack(0x00000016f3900000,0x00000016f3a00000)]
  0x000001a165936800 JavaThread "Unconstrained build operations Thread 33" [_thread_blocked, id=9120, stack(0x00000016f3800000,0x00000016f3900000)]
  0x000001a16592f000 JavaThread "Unconstrained build operations Thread 32" [_thread_blocked, id=11596, stack(0x00000016f3700000,0x00000016f3800000)]
  0x000001a165933800 JavaThread "Unconstrained build operations Thread 31" [_thread_blocked, id=32592, stack(0x00000016f3600000,0x00000016f3700000)]
  0x000001a165932800 JavaThread "Unconstrained build operations Thread 30" [_thread_blocked, id=26796, stack(0x00000016f3500000,0x00000016f3600000)]
  0x000001a165936000 JavaThread "Unconstrained build operations Thread 29" [_thread_blocked, id=20848, stack(0x00000016f3400000,0x00000016f3500000)]
  0x000001a165930800 JavaThread "Unconstrained build operations Thread 28" [_thread_blocked, id=10848, stack(0x00000016f3300000,0x00000016f3400000)]
  0x000001a165932000 JavaThread "Unconstrained build operations Thread 27" [_thread_blocked, id=19024, stack(0x00000016f3200000,0x00000016f3300000)]
  0x000001a165931000 JavaThread "Unconstrained build operations Thread 26" [_thread_blocked, id=12948, stack(0x00000016f3100000,0x00000016f3200000)]
  0x000001a16592e000 JavaThread "Unconstrained build operations Thread 25" [_thread_blocked, id=5164, stack(0x00000016f3000000,0x00000016f3100000)]
  0x000001a16592d000 JavaThread "Unconstrained build operations Thread 24" [_thread_blocked, id=33604, stack(0x00000016f2f00000,0x00000016f3000000)]
  0x000001a16a53f000 JavaThread "Unconstrained build operations Thread 23" [_thread_blocked, id=20404, stack(0x00000016f2e00000,0x00000016f2f00000)]
  0x000001a16a53e000 JavaThread "Unconstrained build operations Thread 22" [_thread_blocked, id=14896, stack(0x00000016f2d00000,0x00000016f2e00000)]
  0x000001a16a53d800 JavaThread "Unconstrained build operations Thread 21" [_thread_blocked, id=348, stack(0x00000016f2c00000,0x00000016f2d00000)]
  0x000001a16a53f800 JavaThread "Unconstrained build operations Thread 20" [_thread_blocked, id=18744, stack(0x00000016f2b00000,0x00000016f2c00000)]
  0x000001a16a540800 JavaThread "Unconstrained build operations Thread 19" [_thread_blocked, id=27180, stack(0x00000016f2a00000,0x00000016f2b00000)]
  0x000001a16a53c800 JavaThread "Unconstrained build operations Thread 18" [_thread_blocked, id=6732, stack(0x00000016f2900000,0x00000016f2a00000)]
  0x000001a16a53c000 JavaThread "Unconstrained build operations Thread 17" [_thread_blocked, id=27036, stack(0x00000016f2800000,0x00000016f2900000)]
  0x000001a16a53b000 JavaThread "Unconstrained build operations Thread 16" [_thread_blocked, id=2624, stack(0x00000016f2700000,0x00000016f2800000)]
  0x000001a16a53a000 JavaThread "Unconstrained build operations Thread 15" [_thread_blocked, id=30168, stack(0x00000016f2600000,0x00000016f2700000)]
  0x000001a16a532800 JavaThread "Unconstrained build operations Thread 14" [_thread_blocked, id=8920, stack(0x00000016f2500000,0x00000016f2600000)]
  0x000001a16a539800 JavaThread "Unconstrained build operations Thread 13" [_thread_blocked, id=32944, stack(0x00000016f2400000,0x00000016f2500000)]
  0x000001a16a531800 JavaThread "Unconstrained build operations Thread 12" [_thread_blocked, id=22844, stack(0x00000016f2300000,0x00000016f2400000)]
  0x000001a16a538800 JavaThread "Unconstrained build operations Thread 11" [_thread_blocked, id=2532, stack(0x00000016f2200000,0x00000016f2300000)]
  0x000001a16a535800 JavaThread "Unconstrained build operations Thread 10" [_thread_blocked, id=19660, stack(0x00000016f2100000,0x00000016f2200000)]
  0x000001a16a538000 JavaThread "Unconstrained build operations Thread 9" [_thread_blocked, id=12732, stack(0x00000016f2000000,0x00000016f2100000)]
  0x000001a16a534800 JavaThread "Unconstrained build operations Thread 8" [_thread_blocked, id=22432, stack(0x00000016f1f00000,0x00000016f2000000)]
  0x000001a16a536800 JavaThread "Unconstrained build operations Thread 7" [_thread_blocked, id=9544, stack(0x00000016f1e00000,0x00000016f1f00000)]
  0x000001a16a533000 JavaThread "Unconstrained build operations Thread 6" [_thread_blocked, id=2924, stack(0x00000016f1d00000,0x00000016f1e00000)]
  0x000001a16a537000 JavaThread "Unconstrained build operations Thread 5" [_thread_blocked, id=15384, stack(0x00000016f1c00000,0x00000016f1d00000)]
  0x000001a16a534000 JavaThread "Unconstrained build operations Thread 4" [_thread_blocked, id=4300, stack(0x00000016f1b00000,0x00000016f1c00000)]
  0x000001a165df4000 JavaThread "Unconstrained build operations Thread 3" [_thread_blocked, id=27892, stack(0x00000016f1a00000,0x00000016f1b00000)]
  0x000001a165df3800 JavaThread "Unconstrained build operations Thread 2" [_thread_blocked, id=12600, stack(0x00000016f1900000,0x00000016f1a00000)]
  0x000001a165df2800 JavaThread "Unconstrained build operations" [_thread_blocked, id=22500, stack(0x00000016f1800000,0x00000016f1900000)]
  0x000001a165df2000 JavaThread "Cache worker for Build Output Cleanup Cache (F:\Code\IoT\Android\GateMonitor\.gradle\buildOutputCleanup)" [_thread_blocked, id=21208, stack(0x00000016f1700000,0x00000016f1800000)]
  0x000001a165dea000 JavaThread "Cache worker for dependencies-accessors (F:\Code\IoT\Android\GateMonitor\.gradle\7.4\dependencies-accessors)" [_thread_blocked, id=2952, stack(0x00000016f1600000,0x00000016f1700000)]
  0x000001a165dea800 JavaThread "Cache worker for file content cache (C:\Users\boxla\.gradle\caches\7.4\fileContent)" [_thread_blocked, id=10920, stack(0x00000016f1400000,0x00000016f1500000)]
  0x000001a165de8800 JavaThread "Cache worker for execution history cache (C:\Users\boxla\.gradle\caches\7.4\executionHistory)" [_thread_blocked, id=26212, stack(0x00000016f1300000,0x00000016f1400000)]
  0x000001a165def800 JavaThread "Cache worker for cache directory md-supplier (C:\Users\boxla\.gradle\caches\7.4\md-supplier)" [_thread_blocked, id=10220, stack(0x00000016f1200000,0x00000016f1300000)]
  0x000001a165de7800 JavaThread "Cache worker for file hash cache (F:\Code\IoT\Android\GateMonitor\.gradle\7.4\fileHashes)" [_thread_blocked, id=11360, stack(0x00000016f1100000,0x00000016f1200000)]
  0x000001a165ded000 JavaThread "Cache worker for cache directory md-rule (C:\Users\boxla\.gradle\caches\7.4\md-rule)" [_thread_blocked, id=20936, stack(0x00000016f1000000,0x00000016f1100000)]
  0x000001a165dee800 JavaThread "Cache worker for checksums cache (F:\Code\IoT\Android\GateMonitor\.gradle\7.4\checksums)" [_thread_blocked, id=22896, stack(0x00000016f0f00000,0x00000016f1000000)]
  0x000001a165dee000 JavaThread "jar transforms Thread 12" [_thread_in_Java, id=3204, stack(0x00000016f0e00000,0x00000016f0f00000)]
  0x000001a165de5800 JavaThread "jar transforms Thread 11" [_thread_in_Java, id=2732, stack(0x00000016f0d00000,0x00000016f0e00000)]
  0x000001a165de9000 JavaThread "jar transforms Thread 10" [_thread_in_Java, id=32228, stack(0x00000016f0c00000,0x00000016f0d00000)]
  0x000001a165de7000 JavaThread "jar transforms Thread 9" [_thread_in_native, id=4304, stack(0x00000016f0b00000,0x00000016f0c00000)]
  0x000001a165dec800 JavaThread "jar transforms Thread 8" [_thread_in_native, id=18372, stack(0x00000016f0a00000,0x00000016f0b00000)]
  0x000001a165deb800 JavaThread "jar transforms Thread 7" [_thread_in_native, id=22672, stack(0x00000016f0900000,0x00000016f0a00000)]
  0x000001a165de6000 JavaThread "jar transforms Thread 6" [_thread_in_Java, id=32452, stack(0x00000016f0800000,0x00000016f0900000)]
  0x000001a166941000 JavaThread "jar transforms Thread 5" [_thread_in_Java, id=25828, stack(0x00000016f0700000,0x00000016f0800000)]
  0x000001a16693f800 JavaThread "jar transforms Thread 4" [_thread_in_native, id=33548, stack(0x00000016f0600000,0x00000016f0700000)]
  0x000001a166944800 JavaThread "jar transforms Thread 3" [_thread_in_Java, id=13792, stack(0x00000016f0500000,0x00000016f0600000)]
  0x000001a166946800 JavaThread "jar transforms Thread 2" [_thread_in_native, id=1580, stack(0x00000016f0400000,0x00000016f0500000)]
  0x000001a166943000 JavaThread "jar transforms" [_thread_in_Java, id=33148, stack(0x00000016f0300000,0x00000016f0400000)]
  0x000001a166942000 JavaThread "File watcher consumer" daemon [_thread_blocked, id=33588, stack(0x00000016f0200000,0x00000016f0300000)]
  0x000001a166945000 JavaThread "File watcher server" daemon [_thread_in_native, id=13564, stack(0x00000016f0100000,0x00000016f0200000)]
  0x000001a166946000 JavaThread "Cache worker for file hash cache (C:\Users\boxla\.gradle\caches\7.4\fileHashes)" [_thread_blocked, id=13484, stack(0x00000016f0000000,0x00000016f0100000)]
  0x000001a166940800 JavaThread "File lock request listener" [_thread_in_native, id=19904, stack(0x00000016eff00000,0x00000016f0000000)]
  0x000001a166943800 JavaThread "Cache worker for journal cache (C:\Users\boxla\.gradle\caches\journal-1)" [_thread_in_Java, id=14384, stack(0x00000016efe00000,0x00000016eff00000)]
  0x000001a166206000 JavaThread "Daemon client event forwarder" [_thread_blocked, id=22812, stack(0x00000016efd00000,0x00000016efe00000)]
  0x000001a166201800 JavaThread "Stdin handler" [_thread_blocked, id=10504, stack(0x00000016efc00000,0x00000016efd00000)]
  0x000001a16633b800 JavaThread "Asynchronous log dispatcher for DefaultDaemonConnection: socket connection from /127.0.0.1:13977 to /127.0.0.1:13979" [_thread_blocked, id=8220, stack(0x00000016efb00000,0x00000016efc00000)]
  0x000001a166337800 JavaThread "Daemon worker" [_thread_blocked, id=16892, stack(0x00000016efa00000,0x00000016efb00000)]
  0x000001a166336800 JavaThread "Cancel handler" [_thread_blocked, id=376, stack(0x00000016ef900000,0x00000016efa00000)]
  0x000001a165d44000 JavaThread "Handler for socket connection from /127.0.0.1:13977 to /127.0.0.1:13979" [_thread_in_native, id=19564, stack(0x00000016ef800000,0x00000016ef900000)]
  0x000001a1661dd000 JavaThread "Daemon" [_thread_blocked, id=17252, stack(0x00000016ef700000,0x00000016ef800000)]
  0x000001a166027000 JavaThread "Daemon periodic checks" [_thread_blocked, id=3208, stack(0x00000016ef600000,0x00000016ef700000)]
  0x000001a165d62800 JavaThread "Incoming local TCP Connector on port 13977" [_thread_in_native, id=15200, stack(0x00000016ef500000,0x00000016ef600000)]
  0x000001a165fe7800 JavaThread "Daemon health stats" [_thread_blocked, id=21432, stack(0x00000016ef400000,0x00000016ef500000)]
  0x000001a16453a000 JavaThread "Service Thread" daemon [_thread_blocked, id=19276, stack(0x00000016ef200000,0x00000016ef300000)]
  0x000001a1620ee800 JavaThread "C1 CompilerThread3" daemon [_thread_blocked, id=31976, stack(0x00000016ef100000,0x00000016ef200000)]
  0x000001a1620eb800 JavaThread "C2 CompilerThread2" daemon [_thread_in_native, id=17864, stack(0x00000016ef000000,0x00000016ef100000)]
=>0x000001a1620e7000 JavaThread "C2 CompilerThread1" daemon [_thread_in_native, id=25332, stack(0x00000016eef00000,0x00000016ef000000)]
  0x000001a1620e3000 JavaThread "C2 CompilerThread0" daemon [_thread_in_native, id=20564, stack(0x00000016eee00000,0x00000016eef00000)]
  0x000001a1620c6000 JavaThread "Attach Listener" daemon [_thread_blocked, id=19992, stack(0x00000016eed00000,0x00000016eee00000)]
  0x000001a1620c5800 JavaThread "Signal Dispatcher" daemon [_thread_blocked, id=22540, stack(0x00000016eec00000,0x00000016eed00000)]
  0x000001a162092800 JavaThread "Finalizer" daemon [_thread_blocked, id=30000, stack(0x00000016eeb00000,0x00000016eec00000)]
  0x000001a16208c000 JavaThread "Reference Handler" daemon [_thread_blocked, id=3764, stack(0x00000016eea00000,0x00000016eeb00000)]
  0x000001a14b96c000 JavaThread "main" [_thread_blocked, id=21276, stack(0x00000016ede00000,0x00000016edf00000)]

Other Threads:
  0x000001a16205c000 VMThread [stack: 0x00000016ee900000,0x00000016eea00000] [id=20256]
  0x000001a16453e000 WatcherThread [stack: 0x00000016ef300000,0x00000016ef400000] [id=16672]

VM state:not at safepoint (normal execution)

VM Mutex/Monitor currently owned by a thread: None

heap address: 0x0000000080000000, size: 2048 MB, Compressed Oops mode: 32-bit
Narrow klass base: 0x0000000000000000, Narrow klass shift: 3
Compressed class space size: 1073741824 Address: 0x0000000100000000

Heap:
 PSYoungGen      total 637952K, used 602083K [0x00000000d5580000, 0x00000000fdb00000, 0x0000000100000000)
  eden space 619008K, 97% used [0x00000000d5580000,0x00000000fa04ce70,0x00000000fb200000)
  from space 18944K, 6% used [0x00000000fb200000,0x00000000fb32c0b0,0x00000000fc480000)
  to   space 18432K, 0% used [0x00000000fc480000,0x00000000fc480000,0x00000000fd680000)
 ParOldGen       total 137728K, used 38807K [0x0000000080000000, 0x0000000088680000, 0x00000000d5580000)
  object space 137728K, 28% used [0x0000000080000000,0x00000000825e5e60,0x0000000088680000)
 Metaspace       used 49219K, capacity 52156K, committed 52352K, reserved 1093632K
  class space    used 6938K, capacity 7453K, committed 7552K, reserved 1048576K

Card table byte_map: [0x000001a15cb30000,0x000001a15cf40000] byte_map_base: 0x000001a15c730000

Marking Bits: (ParMarkBitMap*) 0x0000000072e47860
 Begin Bits: [0x000001a15d1f0000, 0x000001a15f1f0000)
 End Bits:   [0x000001a15f1f0000, 0x000001a1611f0000)

Polling page: 0x000001a14bc10000

CodeCache: size=245760Kb used=19338Kb max_used=19350Kb free=226421Kb
 bounds [0x000001a14d770000, 0x000001a14ea70000, 0x000001a15c770000]
 total_blobs=6658 nmethods=5897 adapters=670
 compilation: enabled

Compilation events (10 events):
Event: 18.328 Thread 0x000001a1620eb800 nmethod 6865 0x000001a14ea42e50 code [0x000001a14ea42fc0, 0x000001a14ea43bf8]
Event: 18.328 Thread 0x000001a1620eb800 6795       4       sun.util.calendar.ZoneInfo::getOffsets (282 bytes)
Event: 18.334 Thread 0x000001a1620eb800 nmethod 6795 0x000001a14ea45d90 code [0x000001a14ea45ee0, 0x000001a14ea462b8]
Event: 18.334 Thread 0x000001a1620eb800 6873       4       java.lang.String::equalsIgnoreCase (48 bytes)
Event: 18.335 Thread 0x000001a1620eb800 nmethod 6873 0x000001a14ea47210 code [0x000001a14ea47360, 0x000001a14ea47448]
Event: 18.335 Thread 0x000001a1620eb800 6805       4       org.gradle.internal.classpath.InstrumentingTransformer$InstrumentingMethodVisitor::visitINVOKESTATIC (585 bytes)
Event: 18.404 Thread 0x000001a1620eb800 nmethod 6805 0x000001a14ea6a390 code [0x000001a14ea6a740, 0x000001a14ea6d250]
Event: 18.404 Thread 0x000001a1620eb800 6877 %     4       org.objectweb.asm.ClassReader::readCode @ 2186 (5109 bytes)
Event: 18.411 Thread 0x000001a1620ee800 6880       3       com.google.common.io.ByteStreams::read (93 bytes)
Event: 18.413 Thread 0x000001a1620ee800 nmethod 6880 0x000001a14ea67ad0 code [0x000001a14ea67dc0, 0x000001a14ea69410]

GC Heap History (10 events):
Event: 17.021 GC heap before
{Heap before GC invocations=11 (full 2):
 PSYoungGen      total 335360K, used 335084K [0x00000000d5580000, 0x00000000eb200000, 0x0000000100000000)
  eden space 328192K, 100% used [0x00000000d5580000,0x00000000e9600000,0x00000000e9600000)
  from space 7168K, 96% used [0x00000000eab00000,0x00000000eb1bb038,0x00000000eb200000)
  to   space 13312K, 0% used [0x00000000e9800000,0x00000000e9800000,0x00000000ea500000)
 ParOldGen       total 137728K, used 15267K [0x0000000080000000, 0x0000000088680000, 0x00000000d5580000)
  object space 137728K, 11% used [0x0000000080000000,0x0000000080ee8c10,0x0000000088680000)
 Metaspace       used 48901K, capacity 51836K, committed 52096K, reserved 1093632K
  class space    used 6932K, capacity 7453K, committed 7552K, reserved 1048576K
Event: 17.043 GC heap after
Heap after GC invocations=11 (full 2):
 PSYoungGen      total 343552K, used 13283K [0x00000000d5580000, 0x00000000f1a00000, 0x0000000100000000)
  eden space 330240K, 0% used [0x00000000d5580000,0x00000000d5580000,0x00000000e9800000)
  from space 13312K, 99% used [0x00000000e9800000,0x00000000ea4f8ef0,0x00000000ea500000)
  to   space 17920K, 0% used [0x00000000f0880000,0x00000000f0880000,0x00000000f1a00000)
 ParOldGen       total 137728K, used 23086K [0x0000000080000000, 0x0000000088680000, 0x00000000d5580000)
  object space 137728K, 16% used [0x0000000080000000,0x000000008168bab8,0x0000000088680000)
 Metaspace       used 48901K, capacity 51836K, committed 52096K, reserved 1093632K
  class space    used 6932K, capacity 7453K, committed 7552K, reserved 1048576K
}
Event: 17.396 GC heap before
{Heap before GC invocations=12 (full 2):
 PSYoungGen      total 343552K, used 343523K [0x00000000d5580000, 0x00000000f1a00000, 0x0000000100000000)
  eden space 330240K, 100% used [0x00000000d5580000,0x00000000e9800000,0x00000000e9800000)
  from space 13312K, 99% used [0x00000000e9800000,0x00000000ea4f8ef0,0x00000000ea500000)
  to   space 17920K, 0% used [0x00000000f0880000,0x00000000f0880000,0x00000000f1a00000)
 ParOldGen       total 137728K, used 24184K [0x0000000080000000, 0x0000000088680000, 0x00000000d5580000)
  object space 137728K, 17% used [0x0000000080000000,0x000000008179e398,0x0000000088680000)
 Metaspace       used 49117K, capacity 52028K, committed 52352K, reserved 1093632K
  class space    used 6934K, capacity 7453K, committed 7552K, reserved 1048576K
Event: 17.418 GC heap after
Heap after GC invocations=12 (full 2):
 PSYoungGen      total 445952K, used 10837K [0x00000000d5580000, 0x00000000f4480000, 0x0000000100000000)
  eden space 428032K, 0% used [0x00000000d5580000,0x00000000d5580000,0x00000000ef780000)
  from space 17920K, 60% used [0x00000000f0880000,0x00000000f13155d0,0x00000000f1a00000)
  to   space 17408K, 0% used [0x00000000ef780000,0x00000000ef780000,0x00000000f0880000)
 ParOldGen       total 137728K, used 27863K [0x0000000080000000, 0x0000000088680000, 0x00000000d5580000)
  object space 137728K, 20% used [0x0000000080000000,0x0000000081b35f30,0x0000000088680000)
 Metaspace       used 49117K, capacity 52028K, committed 52352K, reserved 1093632K
  class space    used 6934K, capacity 7453K, committed 7552K, reserved 1048576K
}
Event: 17.698 GC heap before
{Heap before GC invocations=13 (full 2):
 PSYoungGen      total 445952K, used 438869K [0x00000000d5580000, 0x00000000f4480000, 0x0000000100000000)
  eden space 428032K, 100% used [0x00000000d5580000,0x00000000ef780000,0x00000000ef780000)
  from space 17920K, 60% used [0x00000000f0880000,0x00000000f13155d0,0x00000000f1a00000)
  to   space 17408K, 0% used [0x00000000ef780000,0x00000000ef780000,0x00000000f0880000)
 ParOldGen       total 137728K, used 27895K [0x0000000080000000, 0x0000000088680000, 0x00000000d5580000)
  object space 137728K, 20% used [0x0000000080000000,0x0000000081b3dde8,0x0000000088680000)
 Metaspace       used 49145K, capacity 52156K, committed 52352K, reserved 1093632K
  class space    used 6934K, capacity 7453K, committed 7552K, reserved 1048576K
Event: 17.709 GC heap after
Heap after GC invocations=13 (full 2):
 PSYoungGen      total 445440K, used 917K [0x00000000d5580000, 0x00000000fd680000, 0x0000000100000000)
  eden space 428032K, 0% used [0x00000000d5580000,0x00000000d5580000,0x00000000ef780000)
  from space 17408K, 5% used [0x00000000ef780000,0x00000000ef865780,0x00000000f0880000)
  to   space 18432K, 0% used [0x00000000fc480000,0x00000000fc480000,0x00000000fd680000)
 ParOldGen       total 137728K, used 37757K [0x0000000080000000, 0x0000000088680000, 0x00000000d5580000)
  object space 137728K, 27% used [0x0000000080000000,0x00000000824df4a8,0x0000000088680000)
 Metaspace       used 49145K, capacity 52156K, committed 52352K, reserved 1093632K
  class space    used 6934K, capacity 7453K, committed 7552K, reserved 1048576K
}
Event: 17.958 GC heap before
{Heap before GC invocations=14 (full 2):
 PSYoungGen      total 445440K, used 428949K [0x00000000d5580000, 0x00000000fd680000, 0x0000000100000000)
  eden space 428032K, 100% used [0x00000000d5580000,0x00000000ef780000,0x00000000ef780000)
  from space 17408K, 5% used [0x00000000ef780000,0x00000000ef865780,0x00000000f0880000)
  to   space 18432K, 0% used [0x00000000fc480000,0x00000000fc480000,0x00000000fd680000)
 ParOldGen       total 137728K, used 37764K [0x0000000080000000, 0x0000000088680000, 0x00000000d5580000)
  object space 137728K, 27% used [0x0000000080000000,0x00000000824e1128,0x0000000088680000)
 Metaspace       used 49177K, capacity 52156K, committed 52352K, reserved 1093632K
  class space    used 6935K, capacity 7453K, committed 7552K, reserved 1048576K
Event: 17.966 GC heap after
Heap after GC invocations=14 (full 2):
 PSYoungGen      total 637440K, used 1300K [0x00000000d5580000, 0x00000000fdb00000, 0x0000000100000000)
  eden space 619008K, 0% used [0x00000000d5580000,0x00000000d5580000,0x00000000fb200000)
  from space 18432K, 7% used [0x00000000fc480000,0x00000000fc5c5250,0x00000000fd680000)
  to   space 18944K, 0% used [0x00000000fb200000,0x00000000fb200000,0x00000000fc480000)
 ParOldGen       total 137728K, used 37988K [0x0000000080000000, 0x0000000088680000, 0x00000000d5580000)
  object space 137728K, 27% used [0x0000000080000000,0x0000000082519158,0x0000000088680000)
 Metaspace       used 49177K, capacity 52156K, committed 52352K, reserved 1093632K
  class space    used 6935K, capacity 7453K, committed 7552K, reserved 1048576K
}
Event: 18.291 GC heap before
{Heap before GC invocations=15 (full 2):
 PSYoungGen      total 637440K, used 620308K [0x00000000d5580000, 0x00000000fdb00000, 0x0000000100000000)
  eden space 619008K, 100% used [0x00000000d5580000,0x00000000fb200000,0x00000000fb200000)
  from space 18432K, 7% used [0x00000000fc480000,0x00000000fc5c5250,0x00000000fd680000)
  to   space 18944K, 0% used [0x00000000fb200000,0x00000000fb200000,0x00000000fc480000)
 ParOldGen       total 137728K, used 38463K [0x0000000080000000, 0x0000000088680000, 0x00000000d5580000)
  object space 137728K, 27% used [0x0000000080000000,0x000000008258fe10,0x0000000088680000)
 Metaspace       used 49218K, capacity 52156K, committed 52352K, reserved 1093632K
  class space    used 6938K, capacity 7453K, committed 7552K, reserved 1048576K
Event: 18.297 GC heap after
Heap after GC invocations=15 (full 2):
 PSYoungGen      total 637952K, used 1200K [0x00000000d5580000, 0x00000000fdb00000, 0x0000000100000000)
  eden space 619008K, 0% used [0x00000000d5580000,0x00000000d5580000,0x00000000fb200000)
  from space 18944K, 6% used [0x00000000fb200000,0x00000000fb32c0b0,0x00000000fc480000)
  to   space 18432K, 0% used [0x00000000fc480000,0x00000000fc480000,0x00000000fd680000)
 ParOldGen       total 137728K, used 38807K [0x0000000080000000, 0x0000000088680000, 0x00000000d5580000)
  object space 137728K, 28% used [0x0000000080000000,0x00000000825e5e60,0x0000000088680000)
 Metaspace       used 49218K, capacity 52156K, committed 52352K, reserved 1093632K
  class space    used 6938K, capacity 7453K, committed 7552K, reserved 1048576K
}

Deoptimization events (10 events):
Event: 17.742 Thread 0x000001a165de7000 Uncommon trap: reason=unstable_if action=reinterpret pc=0x000001a14e1bbdb4 method=java.io.PushbackInputStream.read([BII)I @ 122
Event: 17.745 Thread 0x000001a165dec800 Uncommon trap: reason=predicate action=maybe_recompile pc=0x000001a14e9e41dc method=org.gradle.internal.classpath.InstrumentingBackwardsCompatibilityVisitor.fixInternalNameForBackwardCompatibility(Ljava/lang/String;)Ljava/lang/String; @ 18
Event: 17.745 Thread 0x000001a166946800 Uncommon trap: reason=unstable_if action=reinterpret pc=0x000001a14e30cc70 method=org.objectweb.asm.MethodWriter.visitFrame(II[Ljava/lang/Object;I[Ljava/lang/Object;)V @ 706
Event: 17.984 Thread 0x000001a165dee000 Uncommon trap: reason=null_check action=make_not_entrant pc=0x000001a14def86c0 method=org.gradle.internal.classpath.InstrumentingBackwardsCompatibilityVisitor.fixInternalNameForBackwardCompatibility(Ljava/lang/String;)Ljava/lang/String; @ 36
Event: 18.037 Thread 0x000001a166946800 Uncommon trap: reason=unstable_if action=reinterpret pc=0x000001a14e1a9ff0 method=org.objectweb.asm.ClassReader.readMethod(Lorg/objectweb/asm/ClassVisitor;Lorg/objectweb/asm/Context;I)I @ 400
Event: 18.309 Thread 0x000001a166944800 Uncommon trap: reason=unstable_if action=reinterpret pc=0x000001a14e225b9c method=org.gradle.internal.classpath.InstrumentingTransformer$InstrumentingVisitor.visitMethod(ILjava/lang/String;Ljava/lang/String;Ljava/lang/String;[Ljava/lang/String;)Lorg/objec
Event: 18.309 Thread 0x000001a166944800 Uncommon trap: reason=class_check action=maybe_recompile pc=0x000001a14ea4f000 method=org.objectweb.asm.ClassReader.readCode(Lorg/objectweb/asm/MethodVisitor;Lorg/objectweb/asm/Context;I)V @ 3856
Event: 18.318 Thread 0x000001a166944800 Uncommon trap: reason=class_check action=maybe_recompile pc=0x000001a14ea4f000 method=org.objectweb.asm.ClassReader.readCode(Lorg/objectweb/asm/MethodVisitor;Lorg/objectweb/asm/Context;I)V @ 3856
Event: 18.323 Thread 0x000001a165dec800 Uncommon trap: reason=unstable_if action=reinterpret pc=0x000001a14e25cdb8 method=org.objectweb.asm.MethodWriter.visitFieldInsn(ILjava/lang/String;Ljava/lang/String;Ljava/lang/String;)V @ 128
Event: 18.361 Thread 0x000001a166944800 Uncommon trap: reason=class_check action=maybe_recompile pc=0x000001a14ea4f000 method=org.objectweb.asm.ClassReader.readCode(Lorg/objectweb/asm/MethodVisitor;Lorg/objectweb/asm/Context;I)V @ 3856

Classes redefined (0 events):
No events

Internal exceptions (10 events):
Event: 18.241 Thread 0x000001a165dec800 Exception <a 'sun/nio/fs/WindowsException'> (0x00000000e873b030) thrown at [C:\wsjdk\Corretto8Src\installers\windows\zip\corretto-build\buildRoot\src\hotspot\src\share\vm\prims\jni.cpp, line 711]
Event: 18.267 Thread 0x000001a166943000 Exception <a 'sun/nio/fs/WindowsException'> (0x00000000e5f2d000) thrown at [C:\wsjdk\Corretto8Src\installers\windows\zip\corretto-build\buildRoot\src\hotspot\src\share\vm\prims\jni.cpp, line 711]
Event: 18.277 Thread 0x000001a165dec800 Exception <a 'sun/nio/fs/WindowsException'> (0x00000000e876e7d0) thrown at [C:\wsjdk\Corretto8Src\installers\windows\zip\corretto-build\buildRoot\src\hotspot\src\share\vm\prims\jni.cpp, line 711]
Event: 18.289 Thread 0x000001a166941000 Exception <a 'sun/nio/fs/WindowsException'> (0x00000000ee29f100) thrown at [C:\wsjdk\Corretto8Src\installers\windows\zip\corretto-build\buildRoot\src\hotspot\src\share\vm\prims\jni.cpp, line 711]
Event: 18.297 Thread 0x000001a165de7000 Exception <a 'sun/nio/fs/WindowsException'> (0x00000000d565c450) thrown at [C:\wsjdk\Corretto8Src\installers\windows\zip\corretto-build\buildRoot\src\hotspot\src\share\vm\prims\jni.cpp, line 711]
Event: 18.297 Thread 0x000001a165dee000 Exception <a 'sun/nio/fs/WindowsException'> (0x00000000d5891010) thrown at [C:\wsjdk\Corretto8Src\installers\windows\zip\corretto-build\buildRoot\src\hotspot\src\share\vm\prims\jni.cpp, line 711]
Event: 18.319 Thread 0x000001a165de7000 Exception <a 'sun/nio/fs/WindowsException'> (0x00000000d5667970) thrown at [C:\wsjdk\Corretto8Src\installers\windows\zip\corretto-build\buildRoot\src\hotspot\src\share\vm\prims\jni.cpp, line 711]
Event: 18.326 Thread 0x000001a166946800 Exception <a 'sun/nio/fs/WindowsException'> (0x00000000dcf0d460) thrown at [C:\wsjdk\Corretto8Src\installers\windows\zip\corretto-build\buildRoot\src\hotspot\src\share\vm\prims\jni.cpp, line 711]
Event: 18.330 Thread 0x000001a165de7000 Exception <a 'sun/nio/fs/WindowsException'> (0x00000000de3e1c08) thrown at [C:\wsjdk\Corretto8Src\installers\windows\zip\corretto-build\buildRoot\src\hotspot\src\share\vm\prims\jni.cpp, line 711]
Event: 18.358 Thread 0x000001a166941000 Exception <a 'sun/nio/fs/WindowsException'> (0x00000000d55cb670) thrown at [C:\wsjdk\Corretto8Src\installers\windows\zip\corretto-build\buildRoot\src\hotspot\src\share\vm\prims\jni.cpp, line 711]

Events (10 events):
Event: 18.309 Thread 0x000001a166944800 DEOPT UNPACKING pc=0x000001a14d7b5583 sp=0x00000016f05fe228 mode 2
Event: 18.318 Thread 0x000001a166944800 Uncommon trap: trap_request=0xffffffde fr.pc=0x000001a14ea4f000
Event: 18.318 Thread 0x000001a166944800 DEOPT PACKING pc=0x000001a14ea4f000 sp=0x00000016f05fe2c0
Event: 18.318 Thread 0x000001a166944800 DEOPT UNPACKING pc=0x000001a14d7b5583 sp=0x00000016f05fe228 mode 2
Event: 18.323 Thread 0x000001a165dec800 Uncommon trap: trap_request=0xffffff65 fr.pc=0x000001a14e25cdb8
Event: 18.323 Thread 0x000001a165dec800 DEOPT PACKING pc=0x000001a14e25cdb8 sp=0x00000016f0afe210
Event: 18.323 Thread 0x000001a165dec800 DEOPT UNPACKING pc=0x000001a14d7b5583 sp=0x00000016f0afe040 mode 2
Event: 18.361 Thread 0x000001a166944800 Uncommon trap: trap_request=0xffffffde fr.pc=0x000001a14ea4f000
Event: 18.362 Thread 0x000001a166944800 DEOPT PACKING pc=0x000001a14ea4f000 sp=0x00000016f05fe2c0
Event: 18.362 Thread 0x000001a166944800 DEOPT UNPACKING pc=0x000001a14d7b5583 sp=0x00000016f05fe228 mode 2


Dynamic libraries:
0x00007ff71eb20000 - 0x00007ff71eb5a000 	D:\JDKs\jdk1.8\bin\java.exe
0x00007ffd82ce0000 - 0x00007ffd82eef000 	C:\WINDOWS\SYSTEM32\ntdll.dll
0x00007ffd82ac0000 - 0x00007ffd82b7d000 	C:\WINDOWS\System32\KERNEL32.DLL
0x00007ffd80330000 - 0x00007ffd806c4000 	C:\WINDOWS\System32\KERNELBASE.dll
0x00007ffd80ce0000 - 0x00007ffd80d8e000 	C:\WINDOWS\System32\ADVAPI32.dll
0x00007ffd81d40000 - 0x00007ffd81de4000 	C:\WINDOWS\System32\msvcrt.dll
0x00007ffd82730000 - 0x00007ffd827d5000 	C:\WINDOWS\System32\sechost.dll
0x00007ffd80d90000 - 0x00007ffd80eaf000 	C:\WINDOWS\System32\RPCRT4.dll
0x00007ffd80b20000 - 0x00007ffd80cca000 	C:\WINDOWS\System32\USER32.dll
0x00007ffd80160000 - 0x00007ffd80186000 	C:\WINDOWS\System32\win32u.dll
0x00007ffd81f10000 - 0x00007ffd81f39000 	C:\WINDOWS\System32\GDI32.dll
0x00007ffd80210000 - 0x00007ffd80327000 	C:\WINDOWS\System32\gdi32full.dll
0x00007ffd806d0000 - 0x00007ffd8076a000 	C:\WINDOWS\System32\msvcp_win.dll
0x00007ffd80940000 - 0x00007ffd80a51000 	C:\WINDOWS\System32\ucrtbase.dll
0x00007ffd6ec70000 - 0x00007ffd6ef11000 	C:\WINDOWS\WinSxS\amd64_microsoft.windows.common-controls_6595b64144ccf1df_6.0.22543.1000_none_25f07d7fa9409c95\COMCTL32.dll
0x00007ffd82660000 - 0x00007ffd82691000 	C:\WINDOWS\System32\IMM32.DLL
0x00007ffd498c0000 - 0x00007ffd499af000 	D:\JDKs\jdk1.8\jre\bin\msvcr120.dll
0x00007ffd49810000 - 0x00007ffd498b6000 	D:\JDKs\jdk1.8\jre\bin\msvcp120.dll
0x0000000072650000 - 0x0000000072ec6000 	D:\JDKs\jdk1.8\jre\bin\server\jvm.dll
0x00007ffd81060000 - 0x00007ffd81068000 	C:\WINDOWS\System32\PSAPI.DLL
0x00007ffd795d0000 - 0x00007ffd795d9000 	C:\WINDOWS\SYSTEM32\WSOCK32.dll
0x00007ffd80fe0000 - 0x00007ffd81051000 	C:\WINDOWS\System32\WS2_32.dll
0x00007ffd79be0000 - 0x00007ffd79bea000 	C:\WINDOWS\SYSTEM32\VERSION.dll
0x00007ffd76f10000 - 0x00007ffd76f44000 	C:\WINDOWS\SYSTEM32\WINMM.dll
0x00007ffd79c80000 - 0x00007ffd79c8f000 	D:\JDKs\jdk1.8\jre\bin\verify.dll
0x00007ffd6b090000 - 0x00007ffd6b0b9000 	D:\JDKs\jdk1.8\jre\bin\java.dll
0x00007ffd79700000 - 0x00007ffd79716000 	D:\JDKs\jdk1.8\jre\bin\zip.dll
0x00007ffd81200000 - 0x00007ffd819bd000 	C:\WINDOWS\System32\SHELL32.dll
0x00007ffd7e110000 - 0x00007ffd7e969000 	C:\WINDOWS\SYSTEM32\windows.storage.dll
0x00007ffd819c0000 - 0x00007ffd81d31000 	C:\WINDOWS\System32\combase.dll
0x00007ffd7dfd0000 - 0x00007ffd7e10c000 	C:\WINDOWS\SYSTEM32\wintypes.dll
0x00007ffd82b80000 - 0x00007ffd82c71000 	C:\WINDOWS\System32\SHCORE.dll
0x00007ffd82a60000 - 0x00007ffd82abb000 	C:\WINDOWS\System32\shlwapi.dll
0x00007ffd80090000 - 0x00007ffd800b1000 	C:\WINDOWS\SYSTEM32\profapi.dll
0x00007ffd795f0000 - 0x00007ffd7960a000 	D:\JDKs\jdk1.8\jre\bin\net.dll
0x00007ffd560d0000 - 0x00007ffd56187000 	C:\WINDOWS\Heybox\heyboxlsp_x64.dll
0x00007ffd7f610000 - 0x00007ffd7f679000 	C:\WINDOWS\system32\mswsock.dll
0x00007ffd78670000 - 0x00007ffd78682000 	D:\JDKs\jdk1.8\jre\bin\nio.dll
0x00007ffd696c0000 - 0x00007ffd696e7000 	C:\Users\boxla\.gradle\native\e1d6ef7f7dcc3fd88c89a11ec53ec762bb8ba0a96d01ffa2cd45eb1d1d8dd5c5\windows-amd64\native-platform.dll
0x00007ffd466e0000 - 0x00007ffd46824000 	C:\Users\boxla\.gradle\native\0d407fdbe67a94daf76414ababcb853783967236a71b16ec16e742cd7a986fd3\windows-amd64\native-platform-file-events.dll
0x00007ffd77470000 - 0x00007ffd7747d000 	D:\JDKs\jdk1.8\jre\bin\management.dll
0x00007ffd7f8f0000 - 0x00007ffd7f90c000 	C:\WINDOWS\SYSTEM32\CRYPTSP.dll
0x00007ffd7f0f0000 - 0x00007ffd7f125000 	C:\WINDOWS\system32\rsaenh.dll
0x00007ffd7f6b0000 - 0x00007ffd7f6d7000 	C:\WINDOWS\SYSTEM32\USERENV.dll
0x00007ffd7fab0000 - 0x00007ffd7fad8000 	C:\WINDOWS\SYSTEM32\bcrypt.dll
0x00007ffd80190000 - 0x00007ffd8020b000 	C:\WINDOWS\System32\bcryptprimitives.dll
0x00007ffd7f800000 - 0x00007ffd7f80c000 	C:\WINDOWS\SYSTEM32\CRYPTBASE.dll
0x00007ffd7eb80000 - 0x00007ffd7ebad000 	C:\WINDOWS\SYSTEM32\IPHLPAPI.DLL
0x00007ffd81f40000 - 0x00007ffd81f49000 	C:\WINDOWS\System32\NSI.dll
0x00007ffd73c20000 - 0x00007ffd73c39000 	C:\WINDOWS\SYSTEM32\dhcpcsvc6.DLL
0x00007ffd73c00000 - 0x00007ffd73c1f000 	C:\WINDOWS\SYSTEM32\dhcpcsvc.DLL
0x00007ffd7ebe0000 - 0x00007ffd7ecd6000 	C:\WINDOWS\SYSTEM32\DNSAPI.dll

VM Arguments:
jvm_args: -Xmx2048m -Dfile.encoding=UTF-8 -Duser.country=CN -Duser.language=zh -Duser.variant 
java_command: org.gradle.launcher.daemon.bootstrap.GradleDaemon 7.4
java_class_path (initial): C:\Users\boxla\.gradle\wrapper\dists\gradle-7.4-bin\c0gwcg53nkjbqw7r0h0umtfvt\gradle-7.4\lib\gradle-launcher-7.4.jar
Launcher Type: SUN_STANDARD

Environment Variables:
JAVA_HOME=D:\Scoop\apps\adoptopenjdk-openj9\current
PATH=C:\Program Files\Python39\Scripts\;C:\Program Files\Python39\;C:\Program Files (x86)\Common Files\Intel\Shared Libraries\redist\intel64\compiler;C:\WINDOWS\System32;C:\WINDOWS;C:\WINDOWS\System32\wbem;C:\WINDOWS\System32\WindowsPowerShell\v1.0\;C:\WINDOWS\System32\OpenSSH\;C:\Program Files\NVIDIA Corporation\NVIDIA NvDLISR;D:\Git\cmd;C:\Program Files\Go\bin;C:\Program Files\nodejs\;C:\Program Files\php;C:\Users\boxla\AppData\Roaming\Python\Python37\Scripts;C:\Program Files\dotnet\;C:\ProgramData\ComposerSetup\bin;C:\ProgramData\chocolatey\bin;C:\Program Files\LxRunOffline;D:\Toolchain\MinGW\bin;D:\Toolchain\embedded\gcc-arm-none-eabi-10.3-2021.10\bin;D:\xFTP\;D:\Toolchain\ADB;D:\GnuPG\bin;C:\WINDOWS\system32;C:\WINDOWS\System32\Wbem;C:\Program Files (x86)\NVIDIA Corporation\PhysX\Common;C:\WINDOWS\system32;C:\WINDOWS;C:\WINDOWS\System32\Wbem;C:\WINDOWS\System32\WindowsPowerShell\v1.0\;C:\WINDOWS\System32\OpenSSH\;D:\Hugo\bin;;D:\微信web开发者工具\dll;D:\Scoop\apps\adoptopenjdk-openj9\current\bin;D:\Scoop\shims;C:\Users\boxla\AppData\Local\Microsoft\WindowsApps;D:\Microsoft VS Code\bin;C:\Users\boxla\go\bin;C:\Users\boxla\AppData\Roaming\npm;C:\Users\boxla\.dotnet\tools;C:\Users\boxla\AppData\Roaming\Composer\vendor\bin;C:\Source\flutter\bin;C:\Users\boxla\AppData\Local\Microsoft\WindowsApps;C:\Users\boxla\.dotnet\tools
USERNAME=boxla
OS=Windows_NT
PROCESSOR_IDENTIFIER=Intel64 Family 6 Model 158 Stepping 10, GenuineIntel



---------------  S Y S T E M  ---------------

OS: Windows 10.0 , 64 bit Build 22543 (10.0.22543.1000)

CPU:total 12 (initial active 12) (6 cores per cpu, 2 threads per core) family 6 model 158 stepping 10, cmov, cx8, fxsr, mmx, sse, sse2, sse3, ssse3, sse4.1, sse4.2, popcnt, avx, avx2, aes, clmul, erms, 3dnowpref, lzcnt, ht, tsc, tscinvbit, bmi1, bmi2, adx

Memory: 4k page, physical 16664868k(2108540k free), swap 25053476k(5712k free)

vm_info: OpenJDK 64-Bit Server VM (25.322-b06) for windows-amd64 JRE (1.8.0_322-b06), built on Jan 13 2022 23:37:51 by "Administrator" with MS VC++ 12.0 (VS2013)

time: Sun Feb 13 18:39:29 2022
timezone: ?D1ú±ê×?ê±??
elapsed time: 18.456508 seconds (0d 0h 0m 18s)

